16:56:37:701  INFO 19640 --- [main] czs.mall.pay.PayApplication              : No active profile set, falling back to 1 default profile: "default"
16:56:38:387  INFO 19640 --- [main] o.s.cloud.context.scope.GenericScope     : BeanFactory id=b6f608c2-0253-3b10-a7c6-49efaf56016f
16:56:38:648  INFO 19640 --- [main] o.s.b.w.embedded.tomcat.TomcatWebServer  : Tomcat initialized with port(s): 8086 (http)
16:56:38:656  INFO 19640 --- [main] o.apache.catalina.core.StandardService   : Starting service [Tomcat]
16:56:38:657  INFO 19640 --- [main] org.apache.catalina.core.StandardEngine  : Starting Servlet engine: [Apache Tomcat/9.0.68]
16:56:38:768  INFO 19640 --- [main] o.a.c.c.C.[Tomcat].[localhost].[/]       : Initializing Spring embedded WebApplicationContext
16:56:38:768  INFO 19640 --- [main] w.s.c.ServletWebServerApplicationContext : Root WebApplicationContext: initialization completed in 1053 ms
16:56:38:916  INFO 19640 --- [main] o.s.c.openfeign.FeignClientFactoryBean   : For 'hm-user' URL not provided. Will try picking an instance via load-balancing.
16:56:39:452  INFO 19640 --- [main] o.s.c.openfeign.FeignClientFactoryBean   : For 'hm-order' URL not provided. Will try picking an instance via load-balancing.
16:56:42:555  INFO 19640 --- [main] pertySourcedRequestMappingHandlerMapping : Mapped URL path [/v2/api-docs] onto method [springfox.documentation.swagger2.web.Swagger2ControllerWebMvc#getDocumentation(String, HttpServletRequest)]
16:56:43:196  WARN 19640 --- [main] iguration$LoadBalancerCaffeineWarnLogger : Spring Cloud LoadBalancer is currently working with the default cache. While this cache implementation is useful for development and tests, it's recommended to use Caffeine cache in production.You can switch to using Caffeine cache, by adding it and org.springframework.cache.caffeine.CaffeineCacheManager to the classpath.
16:56:43:261  INFO 19640 --- [main] o.s.b.w.embedded.tomcat.TomcatWebServer  : Tomcat started on port(s): 8086 (http) with context path ''
16:56:43:270  INFO 19640 --- [main] c.a.n.p.a.s.c.ClientAuthPluginManager    : [ClientAuthPluginManager] Load ClientAuthService com.alibaba.nacos.client.auth.impl.NacosClientAuthServiceImpl success.
16:56:43:271  INFO 19640 --- [main] c.a.n.p.a.s.c.ClientAuthPluginManager    : [ClientAuthPluginManager] Load ClientAuthService com.alibaba.nacos.client.auth.ram.RamClientAuthServiceImpl success.
16:56:43:467  INFO 19640 --- [main] c.a.c.n.registry.NacosServiceRegistry    : nacos registry, MALL_GROUP pay-service 192.168.50.1:8086 register finished
16:56:44:043  INFO 19640 --- [main] d.s.w.p.DocumentationPluginsBootstrapper : Documentation plugins bootstrapped
16:56:44:045  INFO 19640 --- [main] d.s.w.p.DocumentationPluginsBootstrapper : Found 1 custom documentation plugin(s)
16:56:44:065  INFO 19640 --- [main] s.d.s.w.s.ApiListingReferenceScanner     : Scanning for api listing references
16:56:44:235  INFO 19640 --- [main] czs.mall.pay.PayApplication              : Started PayApplication in 10.807 seconds (JVM running for 11.852)
16:56:44:245  INFO 19640 --- [main] c.a.c.n.refresh.NacosContextRefresher    : [Nacos Config] Listening config: dataId=pay-service, group=DEFAULT_GROUP
16:56:44:246  INFO 19640 --- [main] c.a.c.n.refresh.NacosContextRefresher    : [Nacos Config] Listening config: dataId=pay-service.properties, group=DEFAULT_GROUP
16:57:18:977  WARN 19640 --- [Thread-4] c.a.n.common.http.HttpClientBeanHolder   : [HttpClientBeanHolder] Start destroying common HttpClient
16:57:18:977  WARN 19640 --- [Thread-12] c.a.nacos.common.notify.NotifyCenter     : [NotifyCenter] Start destroying Publisher
16:57:18:978  WARN 19640 --- [Thread-12] c.a.nacos.common.notify.NotifyCenter     : [NotifyCenter] Destruction of the end
16:57:18:978  WARN 19640 --- [Thread-4] c.a.n.common.http.HttpClientBeanHolder   : [HttpClientBeanHolder] Destruction of the end
16:57:19:569  INFO 19640 --- [SpringApplicationShutdownHook] c.a.c.n.registry.NacosServiceRegistry    : De-registering from Nacos Server now...
16:57:19:574  INFO 19640 --- [SpringApplicationShutdownHook] c.a.c.n.registry.NacosServiceRegistry    : De-registration finished.
17:07:42:495  INFO 21288 --- [main] czs.mall.pay.PayApplication              : No active profile set, falling back to 1 default profile: "default"
17:07:43:508  INFO 21288 --- [main] o.s.cloud.context.scope.GenericScope     : BeanFactory id=013c8139-916d-365e-933e-ce7a5c1b2140
17:07:43:918  INFO 21288 --- [main] o.s.b.w.embedded.tomcat.TomcatWebServer  : Tomcat initialized with port(s): 8086 (http)
17:07:43:931  INFO 21288 --- [main] o.apache.catalina.core.StandardService   : Starting service [Tomcat]
17:07:43:931  INFO 21288 --- [main] org.apache.catalina.core.StandardEngine  : Starting Servlet engine: [Apache Tomcat/9.0.68]
17:07:44:093  INFO 21288 --- [main] o.a.c.c.C.[Tomcat].[localhost].[/]       : Initializing Spring embedded WebApplicationContext
17:07:44:093  INFO 21288 --- [main] w.s.c.ServletWebServerApplicationContext : Root WebApplicationContext: initialization completed in 1575 ms
17:07:44:324  INFO 21288 --- [main] o.s.c.openfeign.FeignClientFactoryBean   : For 'user-service' URL not provided. Will try picking an instance via load-balancing.
17:07:44:981  INFO 21288 --- [main] o.s.c.openfeign.FeignClientFactoryBean   : For 'trade-service' URL not provided. Will try picking an instance via load-balancing.
17:07:49:587  INFO 21288 --- [main] pertySourcedRequestMappingHandlerMapping : Mapped URL path [/v2/api-docs] onto method [springfox.documentation.swagger2.web.Swagger2ControllerWebMvc#getDocumentation(String, HttpServletRequest)]
17:07:50:570  WARN 21288 --- [main] iguration$LoadBalancerCaffeineWarnLogger : Spring Cloud LoadBalancer is currently working with the default cache. While this cache implementation is useful for development and tests, it's recommended to use Caffeine cache in production.You can switch to using Caffeine cache, by adding it and org.springframework.cache.caffeine.CaffeineCacheManager to the classpath.
17:07:50:672  INFO 21288 --- [main] o.s.b.w.embedded.tomcat.TomcatWebServer  : Tomcat started on port(s): 8086 (http) with context path ''
17:07:50:695  INFO 21288 --- [main] c.a.n.p.a.s.c.ClientAuthPluginManager    : [ClientAuthPluginManager] Load ClientAuthService com.alibaba.nacos.client.auth.impl.NacosClientAuthServiceImpl success.
17:07:50:695  INFO 21288 --- [main] c.a.n.p.a.s.c.ClientAuthPluginManager    : [ClientAuthPluginManager] Load ClientAuthService com.alibaba.nacos.client.auth.ram.RamClientAuthServiceImpl success.
17:07:50:916  INFO 21288 --- [main] c.a.c.n.registry.NacosServiceRegistry    : nacos registry, MALL_GROUP pay-service 192.168.50.1:8086 register finished
17:07:51:756  INFO 21288 --- [main] d.s.w.p.DocumentationPluginsBootstrapper : Documentation plugins bootstrapped
17:07:51:759  INFO 21288 --- [main] d.s.w.p.DocumentationPluginsBootstrapper : Found 1 custom documentation plugin(s)
17:07:51:789  INFO 21288 --- [main] s.d.s.w.s.ApiListingReferenceScanner     : Scanning for api listing references
17:07:52:013  INFO 21288 --- [main] czs.mall.pay.PayApplication              : Started PayApplication in 15.228 seconds (JVM running for 16.378)
17:07:52:029  INFO 21288 --- [main] c.a.c.n.refresh.NacosContextRefresher    : [Nacos Config] Listening config: dataId=pay-service, group=DEFAULT_GROUP
17:07:52:030  INFO 21288 --- [main] c.a.c.n.refresh.NacosContextRefresher    : [Nacos Config] Listening config: dataId=pay-service.properties, group=DEFAULT_GROUP
17:15:58:451  WARN 21288 --- [Thread-13] c.a.nacos.common.notify.NotifyCenter     : [NotifyCenter] Start destroying Publisher
17:15:58:451  WARN 21288 --- [Thread-5] c.a.n.common.http.HttpClientBeanHolder   : [HttpClientBeanHolder] Start destroying common HttpClient
17:15:58:452  WARN 21288 --- [Thread-13] c.a.nacos.common.notify.NotifyCenter     : [NotifyCenter] Destruction of the end
17:15:58:453  WARN 21288 --- [Thread-5] c.a.n.common.http.HttpClientBeanHolder   : [HttpClientBeanHolder] Destruction of the end
17:15:59:048  INFO 21288 --- [SpringApplicationShutdownHook] c.a.c.n.registry.NacosServiceRegistry    : De-registering from Nacos Server now...
17:15:59:097  INFO 21288 --- [SpringApplicationShutdownHook] c.a.c.n.registry.NacosServiceRegistry    : De-registration finished.
17:16:09:465  INFO 16852 --- [main] czs.mall.pay.PayApplication              : No active profile set, falling back to 1 default profile: "default"
17:16:10:397  INFO 16852 --- [main] o.s.cloud.context.scope.GenericScope     : BeanFactory id=e2bc2baa-ea0b-3291-913c-e4d81c4563ca
17:16:10:799  INFO 16852 --- [main] o.s.b.w.embedded.tomcat.TomcatWebServer  : Tomcat initialized with port(s): 8086 (http)
17:16:10:808  INFO 16852 --- [main] o.apache.catalina.core.StandardService   : Starting service [Tomcat]
17:16:10:809  INFO 16852 --- [main] org.apache.catalina.core.StandardEngine  : Starting Servlet engine: [Apache Tomcat/9.0.68]
17:16:10:954  INFO 16852 --- [main] o.a.c.c.C.[Tomcat].[localhost].[/]       : Initializing Spring embedded WebApplicationContext
17:16:10:954  INFO 16852 --- [main] w.s.c.ServletWebServerApplicationContext : Root WebApplicationContext: initialization completed in 1466 ms
17:16:11:182  INFO 16852 --- [main] o.s.c.openfeign.FeignClientFactoryBean   : For 'user-service' URL not provided. Will try picking an instance via load-balancing.
17:16:12:034  INFO 16852 --- [main] o.s.c.openfeign.FeignClientFactoryBean   : For 'trade-service' URL not provided. Will try picking an instance via load-balancing.
17:16:16:820  INFO 16852 --- [main] pertySourcedRequestMappingHandlerMapping : Mapped URL path [/v2/api-docs] onto method [springfox.documentation.swagger2.web.Swagger2ControllerWebMvc#getDocumentation(String, HttpServletRequest)]
17:16:17:726  WARN 16852 --- [main] iguration$LoadBalancerCaffeineWarnLogger : Spring Cloud LoadBalancer is currently working with the default cache. While this cache implementation is useful for development and tests, it's recommended to use Caffeine cache in production.You can switch to using Caffeine cache, by adding it and org.springframework.cache.caffeine.CaffeineCacheManager to the classpath.
17:16:17:800  INFO 16852 --- [main] o.s.b.w.embedded.tomcat.TomcatWebServer  : Tomcat started on port(s): 8086 (http) with context path ''
17:16:17:814  INFO 16852 --- [main] c.a.n.p.a.s.c.ClientAuthPluginManager    : [ClientAuthPluginManager] Load ClientAuthService com.alibaba.nacos.client.auth.impl.NacosClientAuthServiceImpl success.
17:16:17:814  INFO 16852 --- [main] c.a.n.p.a.s.c.ClientAuthPluginManager    : [ClientAuthPluginManager] Load ClientAuthService com.alibaba.nacos.client.auth.ram.RamClientAuthServiceImpl success.
17:16:18:073  INFO 16852 --- [main] c.a.c.n.registry.NacosServiceRegistry    : nacos registry, MALL_GROUP pay-service 192.168.50.1:8086 register finished
17:16:18:958  INFO 16852 --- [main] d.s.w.p.DocumentationPluginsBootstrapper : Documentation plugins bootstrapped
17:16:18:960  INFO 16852 --- [main] d.s.w.p.DocumentationPluginsBootstrapper : Found 1 custom documentation plugin(s)
17:16:18:983  INFO 16852 --- [main] s.d.s.w.s.ApiListingReferenceScanner     : Scanning for api listing references
17:16:19:233  INFO 16852 --- [main] czs.mall.pay.PayApplication              : Started PayApplication in 15.86 seconds (JVM running for 16.907)
17:16:19:244  INFO 16852 --- [main] c.a.c.n.refresh.NacosContextRefresher    : [Nacos Config] Listening config: dataId=pay-service, group=DEFAULT_GROUP
17:16:19:245  INFO 16852 --- [main] c.a.c.n.refresh.NacosContextRefresher    : [Nacos Config] Listening config: dataId=pay-service.properties, group=DEFAULT_GROUP
17:17:07:469  WARN 16852 --- [Thread-13] c.a.nacos.common.notify.NotifyCenter     : [NotifyCenter] Start destroying Publisher
17:17:07:469  WARN 16852 --- [Thread-4] c.a.n.common.http.HttpClientBeanHolder   : [HttpClientBeanHolder] Start destroying common HttpClient
17:17:07:470  WARN 16852 --- [Thread-13] c.a.nacos.common.notify.NotifyCenter     : [NotifyCenter] Destruction of the end
17:17:07:470  WARN 16852 --- [Thread-4] c.a.n.common.http.HttpClientBeanHolder   : [HttpClientBeanHolder] Destruction of the end
17:17:08:051  INFO 16852 --- [SpringApplicationShutdownHook] c.a.c.n.registry.NacosServiceRegistry    : De-registering from Nacos Server now...
17:17:08:087  INFO 16852 --- [SpringApplicationShutdownHook] c.a.c.n.registry.NacosServiceRegistry    : De-registration finished.
