16:42:45:175  INFO 25212 --- [main] czs.mall.trade.TradeApplication          : No active profile set, falling back to 1 default profile: "default"
16:42:45:774  INFO 25212 --- [main] o.s.cloud.context.scope.GenericScope     : BeanFactory id=f91d9d8f-4d67-3a06-a90e-7b2d6abbcae7
16:42:46:016  INFO 25212 --- [main] o.s.b.w.embedded.tomcat.TomcatWebServer  : Tomcat initialized with port(s): 8085 (http)
16:42:46:023  INFO 25212 --- [main] o.apache.catalina.core.StandardService   : Starting service [Tomcat]
16:42:46:023  INFO 25212 --- [main] org.apache.catalina.core.StandardEngine  : Starting Servlet engine: [Apache Tomcat/9.0.68]
16:42:46:134  INFO 25212 --- [main] o.a.c.c.C.[Tomcat].[localhost].[/]       : Initializing Spring embedded WebApplicationContext
16:42:46:135  INFO 25212 --- [main] w.s.c.ServletWebServerApplicationContext : Root WebApplicationContext: initialization completed in 947 ms
16:42:46:264  INFO 25212 --- [main] o.s.c.openfeign.FeignClientFactoryBean   : For 'item-service' URL not provided. Will try picking an instance via load-balancing.
16:42:48:519  INFO 25212 --- [main] o.s.c.openfeign.FeignClientFactoryBean   : For 'cart-service' URL not provided. Will try picking an instance via load-balancing.
16:42:50:074  INFO 25212 --- [main] pertySourcedRequestMappingHandlerMapping : Mapped URL path [/v2/api-docs] onto method [springfox.documentation.swagger2.web.Swagger2ControllerWebMvc#getDocumentation(String, HttpServletRequest)]
16:42:50:721  WARN 25212 --- [main] iguration$LoadBalancerCaffeineWarnLogger : Spring Cloud LoadBalancer is currently working with the default cache. While this cache implementation is useful for development and tests, it's recommended to use Caffeine cache in production.You can switch to using Caffeine cache, by adding it and org.springframework.cache.caffeine.CaffeineCacheManager to the classpath.
16:42:50:786  INFO 25212 --- [main] o.s.b.w.embedded.tomcat.TomcatWebServer  : Tomcat started on port(s): 8085 (http) with context path ''
16:42:50:796  INFO 25212 --- [main] c.a.n.p.a.s.c.ClientAuthPluginManager    : [ClientAuthPluginManager] Load ClientAuthService com.alibaba.nacos.client.auth.impl.NacosClientAuthServiceImpl success.
16:42:50:797  INFO 25212 --- [main] c.a.n.p.a.s.c.ClientAuthPluginManager    : [ClientAuthPluginManager] Load ClientAuthService com.alibaba.nacos.client.auth.ram.RamClientAuthServiceImpl success.
16:42:50:990  INFO 25212 --- [main] c.a.c.n.registry.NacosServiceRegistry    : nacos registry, MALL_GROUP trade-service 192.168.50.1:8085 register finished
16:42:51:728  INFO 25212 --- [main] d.s.w.p.DocumentationPluginsBootstrapper : Documentation plugins bootstrapped
16:42:51:732  INFO 25212 --- [main] d.s.w.p.DocumentationPluginsBootstrapper : Found 1 custom documentation plugin(s)
16:42:51:753  INFO 25212 --- [main] s.d.s.w.s.ApiListingReferenceScanner     : Scanning for api listing references
16:42:51:977  INFO 25212 --- [main] czs.mall.trade.TradeApplication          : Started TradeApplication in 10.88 seconds (JVM running for 12.083)
16:42:51:990  INFO 25212 --- [main] c.a.c.n.refresh.NacosContextRefresher    : [Nacos Config] Listening config: dataId=trade-service.properties, group=DEFAULT_GROUP
16:42:51:991  INFO 25212 --- [main] c.a.c.n.refresh.NacosContextRefresher    : [Nacos Config] Listening config: dataId=trade-service, group=DEFAULT_GROUP
16:43:13:517  INFO 25212 --- [http-nio-8085-exec-1] o.a.c.c.C.[Tomcat].[localhost].[/]       : Initializing Spring DispatcherServlet 'dispatcherServlet'
16:43:13:518  INFO 25212 --- [http-nio-8085-exec-1] o.s.web.servlet.DispatcherServlet        : Initializing Servlet 'dispatcherServlet'
16:43:13:520  INFO 25212 --- [http-nio-8085-exec-1] o.s.web.servlet.DispatcherServlet        : Completed initialization in 2 ms
16:43:24:410  WARN 25212 --- [Thread-4] c.a.n.common.http.HttpClientBeanHolder   : [HttpClientBeanHolder] Start destroying common HttpClient
16:43:24:410  WARN 25212 --- [Thread-12] c.a.nacos.common.notify.NotifyCenter     : [NotifyCenter] Start destroying Publisher
16:43:24:410  WARN 25212 --- [Thread-12] c.a.nacos.common.notify.NotifyCenter     : [NotifyCenter] Destruction of the end
16:43:24:411  WARN 25212 --- [Thread-4] c.a.n.common.http.HttpClientBeanHolder   : [HttpClientBeanHolder] Destruction of the end
16:43:24:808  INFO 25212 --- [SpringApplicationShutdownHook] c.a.c.n.registry.NacosServiceRegistry    : De-registering from Nacos Server now...
16:43:25:077  INFO 25212 --- [SpringApplicationShutdownHook] c.a.c.n.registry.NacosServiceRegistry    : De-registration finished.
16:55:26:910  INFO 20924 --- [main] czs.mall.trade.TradeApplication          : No active profile set, falling back to 1 default profile: "default"
16:55:27:732  INFO 20924 --- [main] o.s.cloud.context.scope.GenericScope     : BeanFactory id=ef5ffd1e-308f-3288-b986-99d02dd9ff63
16:55:28:023  INFO 20924 --- [main] o.s.b.w.embedded.tomcat.TomcatWebServer  : Tomcat initialized with port(s): 8085 (http)
16:55:28:031  INFO 20924 --- [main] o.apache.catalina.core.StandardService   : Starting service [Tomcat]
16:55:28:031  INFO 20924 --- [main] org.apache.catalina.core.StandardEngine  : Starting Servlet engine: [Apache Tomcat/9.0.68]
16:55:28:165  INFO 20924 --- [main] o.a.c.c.C.[Tomcat].[localhost].[/]       : Initializing Spring embedded WebApplicationContext
16:55:28:165  INFO 20924 --- [main] w.s.c.ServletWebServerApplicationContext : Root WebApplicationContext: initialization completed in 1239 ms
16:55:28:350  INFO 20924 --- [main] o.s.c.openfeign.FeignClientFactoryBean   : For 'item-service' URL not provided. Will try picking an instance via load-balancing.
16:55:31:347  INFO 20924 --- [main] o.s.c.openfeign.FeignClientFactoryBean   : For 'cart-service' URL not provided. Will try picking an instance via load-balancing.
16:55:33:520  INFO 20924 --- [main] pertySourcedRequestMappingHandlerMapping : Mapped URL path [/v2/api-docs] onto method [springfox.documentation.swagger2.web.Swagger2ControllerWebMvc#getDocumentation(String, HttpServletRequest)]
16:55:34:475  WARN 20924 --- [main] iguration$LoadBalancerCaffeineWarnLogger : Spring Cloud LoadBalancer is currently working with the default cache. While this cache implementation is useful for development and tests, it's recommended to use Caffeine cache in production.You can switch to using Caffeine cache, by adding it and org.springframework.cache.caffeine.CaffeineCacheManager to the classpath.
16:55:34:561  INFO 20924 --- [main] o.s.b.w.embedded.tomcat.TomcatWebServer  : Tomcat started on port(s): 8085 (http) with context path ''
16:55:34:574  INFO 20924 --- [main] c.a.n.p.a.s.c.ClientAuthPluginManager    : [ClientAuthPluginManager] Load ClientAuthService com.alibaba.nacos.client.auth.impl.NacosClientAuthServiceImpl success.
16:55:34:574  INFO 20924 --- [main] c.a.n.p.a.s.c.ClientAuthPluginManager    : [ClientAuthPluginManager] Load ClientAuthService com.alibaba.nacos.client.auth.ram.RamClientAuthServiceImpl success.
16:55:34:781  INFO 20924 --- [main] c.a.c.n.registry.NacosServiceRegistry    : nacos registry, MALL_GROUP trade-service 192.168.50.1:8085 register finished
16:55:35:575  INFO 20924 --- [main] d.s.w.p.DocumentationPluginsBootstrapper : Documentation plugins bootstrapped
16:55:35:578  INFO 20924 --- [main] d.s.w.p.DocumentationPluginsBootstrapper : Found 1 custom documentation plugin(s)
16:55:35:600  INFO 20924 --- [main] s.d.s.w.s.ApiListingReferenceScanner     : Scanning for api listing references
16:55:35:821  INFO 20924 --- [main] czs.mall.trade.TradeApplication          : Started TradeApplication in 14.678 seconds (JVM running for 15.737)
16:55:35:832  INFO 20924 --- [main] c.a.c.n.refresh.NacosContextRefresher    : [Nacos Config] Listening config: dataId=trade-service.properties, group=DEFAULT_GROUP
16:55:35:833  INFO 20924 --- [main] c.a.c.n.refresh.NacosContextRefresher    : [Nacos Config] Listening config: dataId=trade-service, group=DEFAULT_GROUP
16:57:19:012  WARN 20924 --- [Thread-13] c.a.nacos.common.notify.NotifyCenter     : [NotifyCenter] Start destroying Publisher
16:57:19:012  WARN 20924 --- [Thread-5] c.a.n.common.http.HttpClientBeanHolder   : [HttpClientBeanHolder] Start destroying common HttpClient
16:57:19:014  WARN 20924 --- [Thread-13] c.a.nacos.common.notify.NotifyCenter     : [NotifyCenter] Destruction of the end
16:57:19:014  WARN 20924 --- [Thread-5] c.a.n.common.http.HttpClientBeanHolder   : [HttpClientBeanHolder] Destruction of the end
16:57:19:610  INFO 20924 --- [SpringApplicationShutdownHook] c.a.c.n.registry.NacosServiceRegistry    : De-registering from Nacos Server now...
16:57:19:615  INFO 20924 --- [SpringApplicationShutdownHook] c.a.c.n.registry.NacosServiceRegistry    : De-registration finished.
17:07:48:825  INFO 24732 --- [main] czs.mall.trade.TradeApplication          : No active profile set, falling back to 1 default profile: "default"
17:07:49:820  INFO 24732 --- [main] o.s.cloud.context.scope.GenericScope     : BeanFactory id=4f77862c-3797-3fa4-8254-5570fc5a4c80
17:07:50:274  INFO 24732 --- [main] o.s.b.w.embedded.tomcat.TomcatWebServer  : Tomcat initialized with port(s): 8085 (http)
17:07:50:289  INFO 24732 --- [main] o.apache.catalina.core.StandardService   : Starting service [Tomcat]
17:07:50:289  INFO 24732 --- [main] org.apache.catalina.core.StandardEngine  : Starting Servlet engine: [Apache Tomcat/9.0.68]
17:07:50:492  INFO 24732 --- [main] o.a.c.c.C.[Tomcat].[localhost].[/]       : Initializing Spring embedded WebApplicationContext
17:07:50:492  INFO 24732 --- [main] w.s.c.ServletWebServerApplicationContext : Root WebApplicationContext: initialization completed in 1645 ms
17:07:50:740  INFO 24732 --- [main] o.s.c.openfeign.FeignClientFactoryBean   : For 'item-service' URL not provided. Will try picking an instance via load-balancing.
17:07:54:179  INFO 24732 --- [main] o.s.c.openfeign.FeignClientFactoryBean   : For 'cart-service' URL not provided. Will try picking an instance via load-balancing.
17:07:56:680  INFO 24732 --- [main] pertySourcedRequestMappingHandlerMapping : Mapped URL path [/v2/api-docs] onto method [springfox.documentation.swagger2.web.Swagger2ControllerWebMvc#getDocumentation(String, HttpServletRequest)]
17:07:57:592  WARN 24732 --- [main] iguration$LoadBalancerCaffeineWarnLogger : Spring Cloud LoadBalancer is currently working with the default cache. While this cache implementation is useful for development and tests, it's recommended to use Caffeine cache in production.You can switch to using Caffeine cache, by adding it and org.springframework.cache.caffeine.CaffeineCacheManager to the classpath.
17:07:57:705  INFO 24732 --- [main] o.s.b.w.embedded.tomcat.TomcatWebServer  : Tomcat started on port(s): 8085 (http) with context path ''
17:07:57:727  INFO 24732 --- [main] c.a.n.p.a.s.c.ClientAuthPluginManager    : [ClientAuthPluginManager] Load ClientAuthService com.alibaba.nacos.client.auth.impl.NacosClientAuthServiceImpl success.
17:07:57:728  INFO 24732 --- [main] c.a.n.p.a.s.c.ClientAuthPluginManager    : [ClientAuthPluginManager] Load ClientAuthService com.alibaba.nacos.client.auth.ram.RamClientAuthServiceImpl success.
17:07:57:933  INFO 24732 --- [main] c.a.c.n.registry.NacosServiceRegistry    : nacos registry, MALL_GROUP trade-service 192.168.50.1:8085 register finished
17:07:58:714  INFO 24732 --- [main] d.s.w.p.DocumentationPluginsBootstrapper : Documentation plugins bootstrapped
17:07:58:717  INFO 24732 --- [main] d.s.w.p.DocumentationPluginsBootstrapper : Found 1 custom documentation plugin(s)
17:07:58:741  INFO 24732 --- [main] s.d.s.w.s.ApiListingReferenceScanner     : Scanning for api listing references
17:07:59:033  INFO 24732 --- [main] czs.mall.trade.TradeApplication          : Started TradeApplication in 15.883 seconds (JVM running for 17.175)
17:07:59:048  INFO 24732 --- [main] c.a.c.n.refresh.NacosContextRefresher    : [Nacos Config] Listening config: dataId=trade-service.properties, group=DEFAULT_GROUP
17:07:59:049  INFO 24732 --- [main] c.a.c.n.refresh.NacosContextRefresher    : [Nacos Config] Listening config: dataId=trade-service, group=DEFAULT_GROUP
17:15:58:479  WARN 24732 --- [Thread-5] c.a.n.common.http.HttpClientBeanHolder   : [HttpClientBeanHolder] Start destroying common HttpClient
17:15:58:479  WARN 24732 --- [Thread-13] c.a.nacos.common.notify.NotifyCenter     : [NotifyCenter] Start destroying Publisher
17:15:58:480  WARN 24732 --- [Thread-13] c.a.nacos.common.notify.NotifyCenter     : [NotifyCenter] Destruction of the end
17:15:58:480  WARN 24732 --- [Thread-5] c.a.n.common.http.HttpClientBeanHolder   : [HttpClientBeanHolder] Destruction of the end
17:15:59:059  INFO 24732 --- [SpringApplicationShutdownHook] c.a.c.n.registry.NacosServiceRegistry    : De-registering from Nacos Server now...
17:15:59:100  INFO 24732 --- [SpringApplicationShutdownHook] c.a.c.n.registry.NacosServiceRegistry    : De-registration finished.
17:16:14:374  INFO 22848 --- [main] czs.mall.trade.TradeApplication          : No active profile set, falling back to 1 default profile: "default"
17:16:15:241  INFO 22848 --- [main] o.s.cloud.context.scope.GenericScope     : BeanFactory id=607bc009-c11d-301a-8d3d-262ca5f3de16
17:16:15:523  INFO 22848 --- [main] o.s.b.w.embedded.tomcat.TomcatWebServer  : Tomcat initialized with port(s): 8085 (http)
17:16:15:531  INFO 22848 --- [main] o.apache.catalina.core.StandardService   : Starting service [Tomcat]
17:16:15:531  INFO 22848 --- [main] org.apache.catalina.core.StandardEngine  : Starting Servlet engine: [Apache Tomcat/9.0.68]
17:16:15:662  INFO 22848 --- [main] o.a.c.c.C.[Tomcat].[localhost].[/]       : Initializing Spring embedded WebApplicationContext
17:16:15:662  INFO 22848 --- [main] w.s.c.ServletWebServerApplicationContext : Root WebApplicationContext: initialization completed in 1269 ms
17:16:15:836  INFO 22848 --- [main] o.s.c.openfeign.FeignClientFactoryBean   : For 'item-service' URL not provided. Will try picking an instance via load-balancing.
17:16:18:989  INFO 22848 --- [main] o.s.c.openfeign.FeignClientFactoryBean   : For 'cart-service' URL not provided. Will try picking an instance via load-balancing.
17:16:20:988  INFO 22848 --- [main] pertySourcedRequestMappingHandlerMapping : Mapped URL path [/v2/api-docs] onto method [springfox.documentation.swagger2.web.Swagger2ControllerWebMvc#getDocumentation(String, HttpServletRequest)]
17:16:21:874  WARN 22848 --- [main] iguration$LoadBalancerCaffeineWarnLogger : Spring Cloud LoadBalancer is currently working with the default cache. While this cache implementation is useful for development and tests, it's recommended to use Caffeine cache in production.You can switch to using Caffeine cache, by adding it and org.springframework.cache.caffeine.CaffeineCacheManager to the classpath.
17:16:21:946  INFO 22848 --- [main] o.s.b.w.embedded.tomcat.TomcatWebServer  : Tomcat started on port(s): 8085 (http) with context path ''
17:16:21:957  INFO 22848 --- [main] c.a.n.p.a.s.c.ClientAuthPluginManager    : [ClientAuthPluginManager] Load ClientAuthService com.alibaba.nacos.client.auth.impl.NacosClientAuthServiceImpl success.
17:16:21:957  INFO 22848 --- [main] c.a.n.p.a.s.c.ClientAuthPluginManager    : [ClientAuthPluginManager] Load ClientAuthService com.alibaba.nacos.client.auth.ram.RamClientAuthServiceImpl success.
17:16:22:170  INFO 22848 --- [main] c.a.c.n.registry.NacosServiceRegistry    : nacos registry, MALL_GROUP trade-service 192.168.50.1:8085 register finished
17:16:22:902  INFO 22848 --- [main] d.s.w.p.DocumentationPluginsBootstrapper : Documentation plugins bootstrapped
17:16:22:906  INFO 22848 --- [main] d.s.w.p.DocumentationPluginsBootstrapper : Found 1 custom documentation plugin(s)
17:16:22:927  INFO 22848 --- [main] s.d.s.w.s.ApiListingReferenceScanner     : Scanning for api listing references
17:16:23:103  INFO 22848 --- [main] czs.mall.trade.TradeApplication          : Started TradeApplication in 15.391 seconds (JVM running for 16.605)
17:16:23:112  INFO 22848 --- [main] c.a.c.n.refresh.NacosContextRefresher    : [Nacos Config] Listening config: dataId=trade-service.properties, group=DEFAULT_GROUP
17:16:23:114  INFO 22848 --- [main] c.a.c.n.refresh.NacosContextRefresher    : [Nacos Config] Listening config: dataId=trade-service, group=DEFAULT_GROUP
17:17:07:493  WARN 22848 --- [Thread-14] c.a.nacos.common.notify.NotifyCenter     : [NotifyCenter] Start destroying Publisher
17:17:07:493  WARN 22848 --- [Thread-5] c.a.n.common.http.HttpClientBeanHolder   : [HttpClientBeanHolder] Start destroying common HttpClient
17:17:07:495  WARN 22848 --- [Thread-14] c.a.nacos.common.notify.NotifyCenter     : [NotifyCenter] Destruction of the end
17:17:07:496  WARN 22848 --- [Thread-5] c.a.n.common.http.HttpClientBeanHolder   : [HttpClientBeanHolder] Destruction of the end
17:17:08:087  INFO 22848 --- [SpringApplicationShutdownHook] c.a.c.n.registry.NacosServiceRegistry    : De-registering from Nacos Server now...
17:17:08:091  INFO 22848 --- [SpringApplicationShutdownHook] c.a.c.n.registry.NacosServiceRegistry    : De-registration finished.
