14:31:30:014  WARN 17404 --- [main] c.a.c.n.c.NacosPropertySourceBuilder     : Ignore the empty nacos configuration and get it based on dataId[shared-jdbc.yaml] & group[DEFAULT_GROUP]
14:31:30:022  WARN 17404 --- [main] c.a.c.n.c.NacosPropertySourceBuilder     : Ignore the empty nacos configuration and get it based on dataId[shared-log.yaml] & group[DEFAULT_GROUP]
14:31:30:029  WARN 17404 --- [main] c.a.c.n.c.NacosPropertySourceBuilder     : Ignore the empty nacos configuration and get it based on dataId[shared-swagger.yaml] & group[DEFAULT_GROUP]
14:31:30:035  WARN 17404 --- [main] c.a.c.n.c.NacosPropertySourceBuilder     : Ignore the empty nacos configuration and get it based on dataId[item-service] & group[MALL_GROUP]
14:31:30:041  WARN 17404 --- [main] c.a.c.n.c.NacosPropertySourceBuilder     : Ignore the empty nacos configuration and get it based on dataId[item-service.yaml] & group[MALL_GROUP]
14:31:30:047  WARN 17404 --- [main] c.a.c.n.c.NacosPropertySourceBuilder     : Ignore the empty nacos configuration and get it based on dataId[item-service-dev.yaml] & group[MALL_GROUP]
14:31:30:047  INFO 17404 --- [main] b.c.PropertySourceBootstrapConfiguration : Located property source: [BootstrapPropertySource {name='bootstrapProperties-item-service-dev.yaml,MALL_GROUP'}, BootstrapPropertySource {name='bootstrapProperties-item-service.yaml,MALL_GROUP'}, BootstrapPropertySource {name='bootstrapProperties-item-service,MALL_GROUP'}, BootstrapPropertySource {name='bootstrapProperties-shared-swagger.yaml,DEFAULT_GROUP'}, BootstrapPropertySource {name='bootstrapProperties-shared-log.yaml,DEFAULT_GROUP'}, BootstrapPropertySource {name='bootstrapProperties-shared-jdbc.yaml,DEFAULT_GROUP'}]
14:31:30:063  INFO 17404 --- [main] czs.mall.item.ItemApplication            : The following 1 profile is active: "dev"
14:31:30:625  WARN 17404 --- [main] o.m.s.mapper.ClassPathMapperScanner      : No MyBatis mapper was found in '[czs.mall.item.mapper]' package. Please check your configuration.
14:31:30:687  INFO 17404 --- [main] o.s.cloud.context.scope.GenericScope     : BeanFactory id=04d68b86-0b8b-3465-a73c-a8e086a8c3c5
14:31:30:953  INFO 17404 --- [main] o.s.b.w.embedded.tomcat.TomcatWebServer  : Tomcat initialized with port(s): 8081 (http)
14:31:30:961  INFO 17404 --- [main] o.apache.catalina.core.StandardService   : Starting service [Tomcat]
14:31:30:961  INFO 17404 --- [main] org.apache.catalina.core.StandardEngine  : Starting Servlet engine: [Apache Tomcat/9.0.68]
14:31:31:082  INFO 17404 --- [main] o.a.c.c.C.[Tomcat].[localhost].[/]       : Initializing Spring embedded WebApplicationContext
14:31:31:082  INFO 17404 --- [main] w.s.c.ServletWebServerApplicationContext : Root WebApplicationContext: initialization completed in 1005 ms
14:31:32:870  INFO 17404 --- [main] pertySourcedRequestMappingHandlerMapping : Mapped URL path [/v2/api-docs] onto method [springfox.documentation.swagger2.web.Swagger2ControllerWebMvc#getDocumentation(String, HttpServletRequest)]
14:31:33:536  WARN 17404 --- [main] iguration$LoadBalancerCaffeineWarnLogger : Spring Cloud LoadBalancer is currently working with the default cache. While this cache implementation is useful for development and tests, it's recommended to use Caffeine cache in production.You can switch to using Caffeine cache, by adding it and org.springframework.cache.caffeine.CaffeineCacheManager to the classpath.
14:31:33:606  INFO 17404 --- [main] o.s.b.w.embedded.tomcat.TomcatWebServer  : Tomcat started on port(s): 8081 (http) with context path ''
14:31:34:244  INFO 17404 --- [main] d.s.w.p.DocumentationPluginsBootstrapper : Documentation plugins bootstrapped
14:31:34:247  INFO 17404 --- [main] d.s.w.p.DocumentationPluginsBootstrapper : Found 1 custom documentation plugin(s)
14:31:34:264  INFO 17404 --- [main] s.d.s.w.s.ApiListingReferenceScanner     : Scanning for api listing references
14:31:34:275  INFO 17404 --- [main] czs.mall.item.ItemApplication            : Started ItemApplication in 8.565 seconds (JVM running for 9.665)
14:31:34:283  INFO 17404 --- [main] c.a.c.n.refresh.NacosContextRefresher    : [Nacos Config] Listening config: dataId=item-service, group=MALL_GROUP
14:31:34:284  INFO 17404 --- [main] c.a.c.n.refresh.NacosContextRefresher    : [Nacos Config] Listening config: dataId=item-service.yaml, group=MALL_GROUP
14:31:34:285  INFO 17404 --- [main] c.a.c.n.refresh.NacosContextRefresher    : [Nacos Config] Listening config: dataId=item-service-dev.yaml, group=MALL_GROUP
14:31:41:280  WARN 17404 --- [Thread-4] c.a.n.common.http.HttpClientBeanHolder   : [HttpClientBeanHolder] Start destroying common HttpClient
14:31:41:280  WARN 17404 --- [Thread-12] c.a.nacos.common.notify.NotifyCenter     : [NotifyCenter] Start destroying Publisher
14:31:41:281  WARN 17404 --- [Thread-12] c.a.nacos.common.notify.NotifyCenter     : [NotifyCenter] Destruction of the end
14:31:41:281  WARN 17404 --- [Thread-4] c.a.n.common.http.HttpClientBeanHolder   : [HttpClientBeanHolder] Destruction of the end
14:32:34:189  WARN 20460 --- [main] c.a.c.n.c.NacosPropertySourceBuilder     : Ignore the empty nacos configuration and get it based on dataId[shared-jdbc.yaml] & group[DEFAULT_GROUP]
14:32:34:196  WARN 20460 --- [main] c.a.c.n.c.NacosPropertySourceBuilder     : Ignore the empty nacos configuration and get it based on dataId[shared-log.yaml] & group[DEFAULT_GROUP]
14:32:34:203  WARN 20460 --- [main] c.a.c.n.c.NacosPropertySourceBuilder     : Ignore the empty nacos configuration and get it based on dataId[shared-swagger.yaml] & group[DEFAULT_GROUP]
14:32:34:209  WARN 20460 --- [main] c.a.c.n.c.NacosPropertySourceBuilder     : Ignore the empty nacos configuration and get it based on dataId[item-service] & group[MALL_GROUP]
14:32:34:219  WARN 20460 --- [main] c.a.c.n.c.NacosPropertySourceBuilder     : Ignore the empty nacos configuration and get it based on dataId[item-service.yaml] & group[MALL_GROUP]
14:32:34:229  WARN 20460 --- [main] c.a.c.n.c.NacosPropertySourceBuilder     : Ignore the empty nacos configuration and get it based on dataId[item-service-dev.yaml] & group[MALL_GROUP]
14:32:34:229  INFO 20460 --- [main] b.c.PropertySourceBootstrapConfiguration : Located property source: [BootstrapPropertySource {name='bootstrapProperties-item-service-dev.yaml,MALL_GROUP'}, BootstrapPropertySource {name='bootstrapProperties-item-service.yaml,MALL_GROUP'}, BootstrapPropertySource {name='bootstrapProperties-item-service,MALL_GROUP'}, BootstrapPropertySource {name='bootstrapProperties-shared-swagger.yaml,DEFAULT_GROUP'}, BootstrapPropertySource {name='bootstrapProperties-shared-log.yaml,DEFAULT_GROUP'}, BootstrapPropertySource {name='bootstrapProperties-shared-jdbc.yaml,DEFAULT_GROUP'}]
14:32:34:245  INFO 20460 --- [main] czs.mall.item.ItemApplication            : The following 1 profile is active: "dev"
14:32:34:739  WARN 20460 --- [main] o.m.s.mapper.ClassPathMapperScanner      : No MyBatis mapper was found in '[czs.mall.item.mapper]' package. Please check your configuration.
14:32:34:795  INFO 20460 --- [main] o.s.cloud.context.scope.GenericScope     : BeanFactory id=04d68b86-0b8b-3465-a73c-a8e086a8c3c5
14:32:35:021  INFO 20460 --- [main] o.s.b.w.embedded.tomcat.TomcatWebServer  : Tomcat initialized with port(s): 8081 (http)
14:32:35:028  INFO 20460 --- [main] o.apache.catalina.core.StandardService   : Starting service [Tomcat]
14:32:35:028  INFO 20460 --- [main] org.apache.catalina.core.StandardEngine  : Starting Servlet engine: [Apache Tomcat/9.0.68]
14:32:35:134  INFO 20460 --- [main] o.a.c.c.C.[Tomcat].[localhost].[/]       : Initializing Spring embedded WebApplicationContext
14:32:35:135  INFO 20460 --- [main] w.s.c.ServletWebServerApplicationContext : Root WebApplicationContext: initialization completed in 880 ms
14:32:36:915  INFO 20460 --- [main] pertySourcedRequestMappingHandlerMapping : Mapped URL path [/v2/api-docs] onto method [springfox.documentation.swagger2.web.Swagger2ControllerWebMvc#getDocumentation(String, HttpServletRequest)]
14:32:37:594  WARN 20460 --- [main] iguration$LoadBalancerCaffeineWarnLogger : Spring Cloud LoadBalancer is currently working with the default cache. While this cache implementation is useful for development and tests, it's recommended to use Caffeine cache in production.You can switch to using Caffeine cache, by adding it and org.springframework.cache.caffeine.CaffeineCacheManager to the classpath.
14:32:37:663  INFO 20460 --- [main] o.s.b.w.embedded.tomcat.TomcatWebServer  : Tomcat started on port(s): 8081 (http) with context path ''
14:32:38:229  INFO 20460 --- [main] d.s.w.p.DocumentationPluginsBootstrapper : Documentation plugins bootstrapped
14:32:38:232  INFO 20460 --- [main] d.s.w.p.DocumentationPluginsBootstrapper : Found 1 custom documentation plugin(s)
14:32:38:249  INFO 20460 --- [main] s.d.s.w.s.ApiListingReferenceScanner     : Scanning for api listing references
14:32:38:258  INFO 20460 --- [main] czs.mall.item.ItemApplication            : Started ItemApplication in 7.928 seconds (JVM running for 8.846)
14:32:38:266  INFO 20460 --- [main] c.a.c.n.refresh.NacosContextRefresher    : [Nacos Config] Listening config: dataId=item-service, group=MALL_GROUP
14:32:38:267  INFO 20460 --- [main] c.a.c.n.refresh.NacosContextRefresher    : [Nacos Config] Listening config: dataId=item-service.yaml, group=MALL_GROUP
14:32:38:267  INFO 20460 --- [main] c.a.c.n.refresh.NacosContextRefresher    : [Nacos Config] Listening config: dataId=item-service-dev.yaml, group=MALL_GROUP
14:33:02:607  WARN 20460 --- [Thread-4] c.a.n.common.http.HttpClientBeanHolder   : [HttpClientBeanHolder] Start destroying common HttpClient
14:33:02:607  WARN 20460 --- [Thread-11] c.a.nacos.common.notify.NotifyCenter     : [NotifyCenter] Start destroying Publisher
14:33:02:608  WARN 20460 --- [Thread-11] c.a.nacos.common.notify.NotifyCenter     : [NotifyCenter] Destruction of the end
14:33:02:608  WARN 20460 --- [Thread-4] c.a.n.common.http.HttpClientBeanHolder   : [HttpClientBeanHolder] Destruction of the end
14:51:55:371  INFO 25788 --- [main] czs.mall.item.ItemApplication            : No active profile set, falling back to 1 default profile: "default"
14:51:55:888  WARN 25788 --- [main] o.m.s.mapper.ClassPathMapperScanner      : No MyBatis mapper was found in '[czs.mall.item.mapper]' package. Please check your configuration.
14:51:55:951  INFO 25788 --- [main] o.s.cloud.context.scope.GenericScope     : BeanFactory id=221c1dbf-bb53-355d-bf81-b429404e3342
14:51:56:204  INFO 25788 --- [main] o.s.b.w.embedded.tomcat.TomcatWebServer  : Tomcat initialized with port(s): 8081 (http)
14:51:56:211  INFO 25788 --- [main] o.apache.catalina.core.StandardService   : Starting service [Tomcat]
14:51:56:211  INFO 25788 --- [main] org.apache.catalina.core.StandardEngine  : Starting Servlet engine: [Apache Tomcat/9.0.68]
14:51:56:335  INFO 25788 --- [main] o.a.c.c.C.[Tomcat].[localhost].[/]       : Initializing Spring embedded WebApplicationContext
14:51:56:335  INFO 25788 --- [main] w.s.c.ServletWebServerApplicationContext : Root WebApplicationContext: initialization completed in 952 ms
14:51:57:637  WARN 25788 --- [main] ConfigServletWebServerApplicationContext : Exception encountered during context initialization - cancelling refresh attempt: org.springframework.beans.factory.BeanCreationException: Error creating bean with name 'dataSource' defined in class path resource [org/springframework/boot/autoconfigure/jdbc/DataSourceConfiguration$Hikari.class]: Bean instantiation via factory method failed; nested exception is org.springframework.beans.BeanInstantiationException: Failed to instantiate [com.zaxxer.hikari.HikariDataSource]: Factory method 'dataSource' threw exception; nested exception is org.springframework.boot.autoconfigure.jdbc.DataSourceProperties$DataSourceBeanCreationException: Failed to determine a suitable driver class
14:51:57:640  INFO 25788 --- [main] o.apache.catalina.core.StandardService   : Stopping service [Tomcat]
14:51:57:651  INFO 25788 --- [main] ConditionEvaluationReportLoggingListener : 

Error starting ApplicationContext. To display the conditions report re-run your application with 'debug' enabled.
14:51:57:663 ERROR 25788 --- [main] o.s.b.d.LoggingFailureAnalysisReporter   : 

***************************
APPLICATION FAILED TO START
***************************

Description:

Failed to configure a DataSource: 'url' attribute is not specified and no embedded datasource could be configured.

Reason: Failed to determine a suitable driver class


Action:

Consider the following:
	If you want an embedded database (H2, HSQL or Derby), please put it on the classpath.
	If you have database settings to be loaded from a particular profile you may need to activate it (no profiles are currently active).

14:51:57:663  WARN 25788 --- [Thread-4] c.a.n.common.http.HttpClientBeanHolder   : [HttpClientBeanHolder] Start destroying common HttpClient
14:51:57:663  WARN 25788 --- [Thread-12] c.a.nacos.common.notify.NotifyCenter     : [NotifyCenter] Start destroying Publisher
14:51:57:664  WARN 25788 --- [Thread-12] c.a.nacos.common.notify.NotifyCenter     : [NotifyCenter] Destruction of the end
14:51:57:665  WARN 25788 --- [Thread-4] c.a.n.common.http.HttpClientBeanHolder   : [HttpClientBeanHolder] Destruction of the end
15:03:39:260  INFO 21444 --- [main] czs.mall.item.ItemApplication            : No active profile set, falling back to 1 default profile: "default"
15:03:39:758  WARN 21444 --- [main] o.m.s.mapper.ClassPathMapperScanner      : No MyBatis mapper was found in '[czs.mall.item.mapper]' package. Please check your configuration.
15:03:39:816  INFO 21444 --- [main] o.s.cloud.context.scope.GenericScope     : BeanFactory id=221c1dbf-bb53-355d-bf81-b429404e3342
15:03:40:052  INFO 21444 --- [main] o.s.b.w.embedded.tomcat.TomcatWebServer  : Tomcat initialized with port(s): 8081 (http)
15:03:40:058  INFO 21444 --- [main] o.apache.catalina.core.StandardService   : Starting service [Tomcat]
15:03:40:059  INFO 21444 --- [main] org.apache.catalina.core.StandardEngine  : Starting Servlet engine: [Apache Tomcat/9.0.68]
15:03:40:167  INFO 21444 --- [main] o.a.c.c.C.[Tomcat].[localhost].[/]       : Initializing Spring embedded WebApplicationContext
15:03:40:167  INFO 21444 --- [main] w.s.c.ServletWebServerApplicationContext : Root WebApplicationContext: initialization completed in 895 ms
15:03:42:040  INFO 21444 --- [main] pertySourcedRequestMappingHandlerMapping : Mapped URL path [/v2/api-docs] onto method [springfox.documentation.swagger2.web.Swagger2ControllerWebMvc#getDocumentation(String, HttpServletRequest)]
15:03:42:695  WARN 21444 --- [main] iguration$LoadBalancerCaffeineWarnLogger : Spring Cloud LoadBalancer is currently working with the default cache. While this cache implementation is useful for development and tests, it's recommended to use Caffeine cache in production.You can switch to using Caffeine cache, by adding it and org.springframework.cache.caffeine.CaffeineCacheManager to the classpath.
15:03:43:233  INFO 21444 --- [main] o.s.b.w.embedded.tomcat.TomcatWebServer  : Tomcat started on port(s): 8081 (http) with context path ''
15:03:43:820  INFO 21444 --- [main] d.s.w.p.DocumentationPluginsBootstrapper : Documentation plugins bootstrapped
15:03:43:823  INFO 21444 --- [main] d.s.w.p.DocumentationPluginsBootstrapper : Found 1 custom documentation plugin(s)
15:03:43:840  INFO 21444 --- [main] s.d.s.w.s.ApiListingReferenceScanner     : Scanning for api listing references
15:03:43:848  INFO 21444 --- [main] czs.mall.item.ItemApplication            : Started ItemApplication in 8.598 seconds (JVM running for 9.512)
15:03:43:857  INFO 21444 --- [main] c.a.c.n.refresh.NacosContextRefresher    : [Nacos Config] Listening config: dataId=item-service, group=MALL_GROUP
15:03:43:857  INFO 21444 --- [main] c.a.c.n.refresh.NacosContextRefresher    : [Nacos Config] Listening config: dataId=item-service.yaml, group=MALL_GROUP
15:03:58:754  WARN 21444 --- [Thread-4] c.a.n.common.http.HttpClientBeanHolder   : [HttpClientBeanHolder] Start destroying common HttpClient
15:03:58:754  WARN 21444 --- [Thread-11] c.a.nacos.common.notify.NotifyCenter     : [NotifyCenter] Start destroying Publisher
15:03:58:755  WARN 21444 --- [Thread-11] c.a.nacos.common.notify.NotifyCenter     : [NotifyCenter] Destruction of the end
15:03:58:755  WARN 21444 --- [Thread-4] c.a.n.common.http.HttpClientBeanHolder   : [HttpClientBeanHolder] Destruction of the end
15:04:05:266  INFO 18948 --- [main] czs.mall.item.ItemApplication            : No active profile set, falling back to 1 default profile: "default"
15:04:05:757  WARN 18948 --- [main] o.m.s.mapper.ClassPathMapperScanner      : No MyBatis mapper was found in '[czs.mall.item.mapper]' package. Please check your configuration.
15:04:05:813  INFO 18948 --- [main] o.s.cloud.context.scope.GenericScope     : BeanFactory id=221c1dbf-bb53-355d-bf81-b429404e3342
15:04:06:047  INFO 18948 --- [main] o.s.b.w.embedded.tomcat.TomcatWebServer  : Tomcat initialized with port(s): 8081 (http)
15:04:06:054  INFO 18948 --- [main] o.apache.catalina.core.StandardService   : Starting service [Tomcat]
15:04:06:054  INFO 18948 --- [main] org.apache.catalina.core.StandardEngine  : Starting Servlet engine: [Apache Tomcat/9.0.68]
15:04:06:164  INFO 18948 --- [main] o.a.c.c.C.[Tomcat].[localhost].[/]       : Initializing Spring embedded WebApplicationContext
15:04:06:164  INFO 18948 --- [main] w.s.c.ServletWebServerApplicationContext : Root WebApplicationContext: initialization completed in 888 ms
15:04:07:955  INFO 18948 --- [main] pertySourcedRequestMappingHandlerMapping : Mapped URL path [/v2/api-docs] onto method [springfox.documentation.swagger2.web.Swagger2ControllerWebMvc#getDocumentation(String, HttpServletRequest)]
15:04:08:686  WARN 18948 --- [main] iguration$LoadBalancerCaffeineWarnLogger : Spring Cloud LoadBalancer is currently working with the default cache. While this cache implementation is useful for development and tests, it's recommended to use Caffeine cache in production.You can switch to using Caffeine cache, by adding it and org.springframework.cache.caffeine.CaffeineCacheManager to the classpath.
15:04:09:247  INFO 18948 --- [main] o.s.b.w.embedded.tomcat.TomcatWebServer  : Tomcat started on port(s): 8081 (http) with context path ''
15:04:09:811  INFO 18948 --- [main] d.s.w.p.DocumentationPluginsBootstrapper : Documentation plugins bootstrapped
15:04:09:814  INFO 18948 --- [main] d.s.w.p.DocumentationPluginsBootstrapper : Found 1 custom documentation plugin(s)
15:04:09:832  INFO 18948 --- [main] s.d.s.w.s.ApiListingReferenceScanner     : Scanning for api listing references
15:04:09:843  INFO 18948 --- [main] czs.mall.item.ItemApplication            : Started ItemApplication in 8.549 seconds (JVM running for 9.515)
15:04:09:851  INFO 18948 --- [main] c.a.c.n.refresh.NacosContextRefresher    : [Nacos Config] Listening config: dataId=item-service, group=MALL_GROUP
15:04:09:852  INFO 18948 --- [main] c.a.c.n.refresh.NacosContextRefresher    : [Nacos Config] Listening config: dataId=item-service.properties, group=MALL_GROUP
15:04:24:738  WARN 18948 --- [Thread-12] c.a.nacos.common.notify.NotifyCenter     : [NotifyCenter] Start destroying Publisher
15:04:24:738  WARN 18948 --- [Thread-4] c.a.n.common.http.HttpClientBeanHolder   : [HttpClientBeanHolder] Start destroying common HttpClient
15:04:24:739  WARN 18948 --- [Thread-12] c.a.nacos.common.notify.NotifyCenter     : [NotifyCenter] Destruction of the end
15:04:24:739  WARN 18948 --- [Thread-4] c.a.n.common.http.HttpClientBeanHolder   : [HttpClientBeanHolder] Destruction of the end
15:04:58:888  INFO 12396 --- [main] czs.mall.item.ItemApplication            : No active profile set, falling back to 1 default profile: "default"
15:04:59:390  WARN 12396 --- [main] o.m.s.mapper.ClassPathMapperScanner      : No MyBatis mapper was found in '[czs.mall.item.mapper]' package. Please check your configuration.
15:04:59:449  INFO 12396 --- [main] o.s.cloud.context.scope.GenericScope     : BeanFactory id=221c1dbf-bb53-355d-bf81-b429404e3342
15:04:59:694  INFO 12396 --- [main] o.s.b.w.embedded.tomcat.TomcatWebServer  : Tomcat initialized with port(s): 8081 (http)
15:04:59:702  INFO 12396 --- [main] o.apache.catalina.core.StandardService   : Starting service [Tomcat]
15:04:59:702  INFO 12396 --- [main] org.apache.catalina.core.StandardEngine  : Starting Servlet engine: [Apache Tomcat/9.0.68]
15:04:59:828  INFO 12396 --- [main] o.a.c.c.C.[Tomcat].[localhost].[/]       : Initializing Spring embedded WebApplicationContext
15:04:59:828  INFO 12396 --- [main] w.s.c.ServletWebServerApplicationContext : Root WebApplicationContext: initialization completed in 928 ms
15:05:01:663  INFO 12396 --- [main] pertySourcedRequestMappingHandlerMapping : Mapped URL path [/v2/api-docs] onto method [springfox.documentation.swagger2.web.Swagger2ControllerWebMvc#getDocumentation(String, HttpServletRequest)]
15:05:02:350  WARN 12396 --- [main] iguration$LoadBalancerCaffeineWarnLogger : Spring Cloud LoadBalancer is currently working with the default cache. While this cache implementation is useful for development and tests, it's recommended to use Caffeine cache in production.You can switch to using Caffeine cache, by adding it and org.springframework.cache.caffeine.CaffeineCacheManager to the classpath.
15:05:02:935  INFO 12396 --- [main] o.s.b.w.embedded.tomcat.TomcatWebServer  : Tomcat started on port(s): 8081 (http) with context path ''
15:05:03:538  INFO 12396 --- [main] d.s.w.p.DocumentationPluginsBootstrapper : Documentation plugins bootstrapped
15:05:03:541  INFO 12396 --- [main] d.s.w.p.DocumentationPluginsBootstrapper : Found 1 custom documentation plugin(s)
15:05:03:558  INFO 12396 --- [main] s.d.s.w.s.ApiListingReferenceScanner     : Scanning for api listing references
15:05:03:568  INFO 12396 --- [main] czs.mall.item.ItemApplication            : Started ItemApplication in 8.771 seconds (JVM running for 9.722)
15:05:03:576  INFO 12396 --- [main] c.a.c.n.refresh.NacosContextRefresher    : [Nacos Config] Listening config: dataId=item-service.properties, group=DEFAULT_GROUP
15:05:03:577  INFO 12396 --- [main] c.a.c.n.refresh.NacosContextRefresher    : [Nacos Config] Listening config: dataId=item-service, group=DEFAULT_GROUP
15:05:04:884  WARN 12396 --- [Thread-4] c.a.n.common.http.HttpClientBeanHolder   : [HttpClientBeanHolder] Start destroying common HttpClient
15:05:04:884  WARN 12396 --- [Thread-10] c.a.nacos.common.notify.NotifyCenter     : [NotifyCenter] Start destroying Publisher
15:05:04:884  WARN 12396 --- [Thread-10] c.a.nacos.common.notify.NotifyCenter     : [NotifyCenter] Destruction of the end
15:05:04:884  WARN 12396 --- [Thread-4] c.a.n.common.http.HttpClientBeanHolder   : [HttpClientBeanHolder] Destruction of the end
15:07:03:753  INFO 28044 --- [main] czs.mall.item.ItemApplication            : No active profile set, falling back to 1 default profile: "default"
15:07:04:281  WARN 28044 --- [main] o.m.s.mapper.ClassPathMapperScanner      : No MyBatis mapper was found in '[czs.mall.item.mapper]' package. Please check your configuration.
15:07:04:346  INFO 28044 --- [main] o.s.cloud.context.scope.GenericScope     : BeanFactory id=221c1dbf-bb53-355d-bf81-b429404e3342
15:07:04:584  INFO 28044 --- [main] o.s.b.w.embedded.tomcat.TomcatWebServer  : Tomcat initialized with port(s): 8081 (http)
15:07:04:590  INFO 28044 --- [main] o.apache.catalina.core.StandardService   : Starting service [Tomcat]
15:07:04:590  INFO 28044 --- [main] org.apache.catalina.core.StandardEngine  : Starting Servlet engine: [Apache Tomcat/9.0.68]
15:07:04:701  INFO 28044 --- [main] o.a.c.c.C.[Tomcat].[localhost].[/]       : Initializing Spring embedded WebApplicationContext
15:07:04:702  INFO 28044 --- [main] w.s.c.ServletWebServerApplicationContext : Root WebApplicationContext: initialization completed in 937 ms
15:07:06:483  INFO 28044 --- [main] pertySourcedRequestMappingHandlerMapping : Mapped URL path [/v2/api-docs] onto method [springfox.documentation.swagger2.web.Swagger2ControllerWebMvc#getDocumentation(String, HttpServletRequest)]
15:07:07:123  WARN 28044 --- [main] iguration$LoadBalancerCaffeineWarnLogger : Spring Cloud LoadBalancer is currently working with the default cache. While this cache implementation is useful for development and tests, it's recommended to use Caffeine cache in production.You can switch to using Caffeine cache, by adding it and org.springframework.cache.caffeine.CaffeineCacheManager to the classpath.
15:07:07:655  INFO 28044 --- [main] o.s.b.w.embedded.tomcat.TomcatWebServer  : Tomcat started on port(s): 8081 (http) with context path ''
15:07:08:234  INFO 28044 --- [main] d.s.w.p.DocumentationPluginsBootstrapper : Documentation plugins bootstrapped
15:07:08:236  INFO 28044 --- [main] d.s.w.p.DocumentationPluginsBootstrapper : Found 1 custom documentation plugin(s)
15:07:08:253  INFO 28044 --- [main] s.d.s.w.s.ApiListingReferenceScanner     : Scanning for api listing references
15:07:08:262  INFO 28044 --- [main] czs.mall.item.ItemApplication            : Started ItemApplication in 8.443 seconds (JVM running for 9.36)
15:07:08:269  INFO 28044 --- [main] c.a.c.n.refresh.NacosContextRefresher    : [Nacos Config] Listening config: dataId=item-service.properties, group=DEFAULT_GROUP
15:07:08:269  INFO 28044 --- [main] c.a.c.n.refresh.NacosContextRefresher    : [Nacos Config] Listening config: dataId=item-service, group=DEFAULT_GROUP
15:17:20:472  WARN 28044 --- [Thread-11] c.a.nacos.common.notify.NotifyCenter     : [NotifyCenter] Start destroying Publisher
15:17:20:472  WARN 28044 --- [Thread-4] c.a.n.common.http.HttpClientBeanHolder   : [HttpClientBeanHolder] Start destroying common HttpClient
15:17:20:473  WARN 28044 --- [Thread-11] c.a.nacos.common.notify.NotifyCenter     : [NotifyCenter] Destruction of the end
15:17:20:473  WARN 28044 --- [Thread-4] c.a.n.common.http.HttpClientBeanHolder   : [HttpClientBeanHolder] Destruction of the end
15:45:15:016  INFO 3656 --- [main] czs.mall.item.ItemApplication            : No active profile set, falling back to 1 default profile: "default"
15:45:15:638  INFO 3656 --- [main] o.s.cloud.context.scope.GenericScope     : BeanFactory id=81d87fc2-fccb-3922-a122-6e7c56c3ebeb
15:45:15:877  INFO 3656 --- [main] o.s.b.w.embedded.tomcat.TomcatWebServer  : Tomcat initialized with port(s): 8081 (http)
15:45:15:885  INFO 3656 --- [main] o.apache.catalina.core.StandardService   : Starting service [Tomcat]
15:45:15:885  INFO 3656 --- [main] org.apache.catalina.core.StandardEngine  : Starting Servlet engine: [Apache Tomcat/9.0.68]
15:45:16:002  INFO 3656 --- [main] o.a.c.c.C.[Tomcat].[localhost].[/]       : Initializing Spring embedded WebApplicationContext
15:45:16:002  INFO 3656 --- [main] w.s.c.ServletWebServerApplicationContext : Root WebApplicationContext: initialization completed in 973 ms
15:45:17:978  INFO 3656 --- [main] pertySourcedRequestMappingHandlerMapping : Mapped URL path [/v2/api-docs] onto method [springfox.documentation.swagger2.web.Swagger2ControllerWebMvc#getDocumentation(String, HttpServletRequest)]
15:45:18:657  WARN 3656 --- [main] iguration$LoadBalancerCaffeineWarnLogger : Spring Cloud LoadBalancer is currently working with the default cache. While this cache implementation is useful for development and tests, it's recommended to use Caffeine cache in production.You can switch to using Caffeine cache, by adding it and org.springframework.cache.caffeine.CaffeineCacheManager to the classpath.
15:45:19:266  INFO 3656 --- [main] o.s.b.w.embedded.tomcat.TomcatWebServer  : Tomcat started on port(s): 8081 (http) with context path ''
15:45:19:915  INFO 3656 --- [main] d.s.w.p.DocumentationPluginsBootstrapper : Documentation plugins bootstrapped
15:45:19:918  INFO 3656 --- [main] d.s.w.p.DocumentationPluginsBootstrapper : Found 1 custom documentation plugin(s)
15:45:19:944  INFO 3656 --- [main] s.d.s.w.s.ApiListingReferenceScanner     : Scanning for api listing references
15:45:20:049  INFO 3656 --- [main] czs.mall.item.ItemApplication            : Started ItemApplication in 9.186 seconds (JVM running for 10.393)
15:45:20:058  INFO 3656 --- [main] c.a.c.n.refresh.NacosContextRefresher    : [Nacos Config] Listening config: dataId=item-service.properties, group=DEFAULT_GROUP
15:45:20:059  INFO 3656 --- [main] c.a.c.n.refresh.NacosContextRefresher    : [Nacos Config] Listening config: dataId=item-service, group=DEFAULT_GROUP
15:45:31:587  WARN 3656 --- [Thread-3] c.a.n.common.http.HttpClientBeanHolder   : [HttpClientBeanHolder] Start destroying common HttpClient
15:45:31:587  WARN 3656 --- [Thread-11] c.a.nacos.common.notify.NotifyCenter     : [NotifyCenter] Start destroying Publisher
15:45:31:587  WARN 3656 --- [Thread-11] c.a.nacos.common.notify.NotifyCenter     : [NotifyCenter] Destruction of the end
15:45:31:588  WARN 3656 --- [Thread-3] c.a.n.common.http.HttpClientBeanHolder   : [HttpClientBeanHolder] Destruction of the end
15:45:46:854  INFO 19028 --- [main] czs.mall.item.ItemApplication            : No active profile set, falling back to 1 default profile: "default"
15:45:47:544  INFO 19028 --- [main] o.s.cloud.context.scope.GenericScope     : BeanFactory id=81d87fc2-fccb-3922-a122-6e7c56c3ebeb
15:45:47:790  INFO 19028 --- [main] o.s.b.w.embedded.tomcat.TomcatWebServer  : Tomcat initialized with port(s): 8081 (http)
15:45:47:798  INFO 19028 --- [main] o.apache.catalina.core.StandardService   : Starting service [Tomcat]
15:45:47:798  INFO 19028 --- [main] org.apache.catalina.core.StandardEngine  : Starting Servlet engine: [Apache Tomcat/9.0.68]
15:45:47:915  INFO 19028 --- [main] o.a.c.c.C.[Tomcat].[localhost].[/]       : Initializing Spring embedded WebApplicationContext
15:45:47:915  INFO 19028 --- [main] w.s.c.ServletWebServerApplicationContext : Root WebApplicationContext: initialization completed in 1048 ms
15:45:49:849  INFO 19028 --- [main] pertySourcedRequestMappingHandlerMapping : Mapped URL path [/v2/api-docs] onto method [springfox.documentation.swagger2.web.Swagger2ControllerWebMvc#getDocumentation(String, HttpServletRequest)]
15:45:50:507  WARN 19028 --- [main] iguration$LoadBalancerCaffeineWarnLogger : Spring Cloud LoadBalancer is currently working with the default cache. While this cache implementation is useful for development and tests, it's recommended to use Caffeine cache in production.You can switch to using Caffeine cache, by adding it and org.springframework.cache.caffeine.CaffeineCacheManager to the classpath.
15:45:51:087  INFO 19028 --- [main] o.s.b.w.embedded.tomcat.TomcatWebServer  : Tomcat started on port(s): 8081 (http) with context path ''
15:45:51:752  INFO 19028 --- [main] d.s.w.p.DocumentationPluginsBootstrapper : Documentation plugins bootstrapped
15:45:51:754  INFO 19028 --- [main] d.s.w.p.DocumentationPluginsBootstrapper : Found 1 custom documentation plugin(s)
15:45:51:777  INFO 19028 --- [main] s.d.s.w.s.ApiListingReferenceScanner     : Scanning for api listing references
15:45:51:870  INFO 19028 --- [main] czs.mall.item.ItemApplication            : Started ItemApplication in 9.089 seconds (JVM running for 10.024)
15:45:51:878  INFO 19028 --- [main] c.a.c.n.refresh.NacosContextRefresher    : [Nacos Config] Listening config: dataId=item-service.properties, group=DEFAULT_GROUP
15:45:51:878  INFO 19028 --- [main] c.a.c.n.refresh.NacosContextRefresher    : [Nacos Config] Listening config: dataId=item-service, group=DEFAULT_GROUP
15:46:26:345  INFO 19028 --- [http-nio-8081-exec-1] o.a.c.c.C.[Tomcat].[localhost].[/]       : Initializing Spring DispatcherServlet 'dispatcherServlet'
15:46:26:346  INFO 19028 --- [http-nio-8081-exec-1] o.s.web.servlet.DispatcherServlet        : Initializing Servlet 'dispatcherServlet'
15:46:26:347  INFO 19028 --- [http-nio-8081-exec-1] o.s.web.servlet.DispatcherServlet        : Completed initialization in 1 ms
15:47:28:370  WARN 19028 --- [Thread-4] c.a.n.common.http.HttpClientBeanHolder   : [HttpClientBeanHolder] Start destroying common HttpClient
15:47:28:370  WARN 19028 --- [Thread-11] c.a.nacos.common.notify.NotifyCenter     : [NotifyCenter] Start destroying Publisher
15:47:28:370  WARN 19028 --- [Thread-11] c.a.nacos.common.notify.NotifyCenter     : [NotifyCenter] Destruction of the end
15:47:28:371  WARN 19028 --- [Thread-4] c.a.n.common.http.HttpClientBeanHolder   : [HttpClientBeanHolder] Destruction of the end
15:47:35:012  INFO 1592 --- [main] czs.mall.item.ItemApplication            : No active profile set, falling back to 1 default profile: "default"
15:47:35:602  INFO 1592 --- [main] o.s.cloud.context.scope.GenericScope     : BeanFactory id=81d87fc2-fccb-3922-a122-6e7c56c3ebeb
15:47:35:841  INFO 1592 --- [main] o.s.b.w.embedded.tomcat.TomcatWebServer  : Tomcat initialized with port(s): 8081 (http)
15:47:35:848  INFO 1592 --- [main] o.apache.catalina.core.StandardService   : Starting service [Tomcat]
15:47:35:848  INFO 1592 --- [main] org.apache.catalina.core.StandardEngine  : Starting Servlet engine: [Apache Tomcat/9.0.68]
15:47:35:959  INFO 1592 --- [main] o.a.c.c.C.[Tomcat].[localhost].[/]       : Initializing Spring embedded WebApplicationContext
15:47:35:959  INFO 1592 --- [main] w.s.c.ServletWebServerApplicationContext : Root WebApplicationContext: initialization completed in 935 ms
15:47:37:963  INFO 1592 --- [main] pertySourcedRequestMappingHandlerMapping : Mapped URL path [/v2/api-docs] onto method [springfox.documentation.swagger2.web.Swagger2ControllerWebMvc#getDocumentation(String, HttpServletRequest)]
15:47:38:643  WARN 1592 --- [main] iguration$LoadBalancerCaffeineWarnLogger : Spring Cloud LoadBalancer is currently working with the default cache. While this cache implementation is useful for development and tests, it's recommended to use Caffeine cache in production.You can switch to using Caffeine cache, by adding it and org.springframework.cache.caffeine.CaffeineCacheManager to the classpath.
15:47:39:179  INFO 1592 --- [main] o.s.b.w.embedded.tomcat.TomcatWebServer  : Tomcat started on port(s): 8081 (http) with context path ''
15:47:39:766  INFO 1592 --- [main] d.s.w.p.DocumentationPluginsBootstrapper : Documentation plugins bootstrapped
15:47:39:769  INFO 1592 --- [main] d.s.w.p.DocumentationPluginsBootstrapper : Found 1 custom documentation plugin(s)
15:47:39:791  INFO 1592 --- [main] s.d.s.w.s.ApiListingReferenceScanner     : Scanning for api listing references
15:47:39:882  INFO 1592 --- [main] czs.mall.item.ItemApplication            : Started ItemApplication in 9.012 seconds (JVM running for 9.96)
15:47:39:889  INFO 1592 --- [main] c.a.c.n.refresh.NacosContextRefresher    : [Nacos Config] Listening config: dataId=item-service.properties, group=DEFAULT_GROUP
15:47:39:890  INFO 1592 --- [main] c.a.c.n.refresh.NacosContextRefresher    : [Nacos Config] Listening config: dataId=item-service, group=DEFAULT_GROUP
15:47:46:011  INFO 1592 --- [http-nio-8081-exec-2] o.a.c.c.C.[Tomcat].[localhost].[/]       : Initializing Spring DispatcherServlet 'dispatcherServlet'
15:47:46:011  INFO 1592 --- [http-nio-8081-exec-2] o.s.web.servlet.DispatcherServlet        : Initializing Servlet 'dispatcherServlet'
15:47:46:012  INFO 1592 --- [http-nio-8081-exec-2] o.s.web.servlet.DispatcherServlet        : Completed initialization in 1 ms
15:47:46:088  INFO 1592 --- [http-nio-8081-exec-2] com.zaxxer.hikari.HikariDataSource       : HikariPool-1 - Starting...
15:47:46:255  INFO 1592 --- [http-nio-8081-exec-2] com.zaxxer.hikari.HikariDataSource       : HikariPool-1 - Start completed.
15:48:34:403  WARN 1592 --- [Thread-11] c.a.nacos.common.notify.NotifyCenter     : [NotifyCenter] Start destroying Publisher
15:48:34:403  WARN 1592 --- [Thread-4] c.a.n.common.http.HttpClientBeanHolder   : [HttpClientBeanHolder] Start destroying common HttpClient
15:48:34:403  WARN 1592 --- [Thread-11] c.a.nacos.common.notify.NotifyCenter     : [NotifyCenter] Destruction of the end
15:48:34:403  WARN 1592 --- [Thread-4] c.a.n.common.http.HttpClientBeanHolder   : [HttpClientBeanHolder] Destruction of the end
15:48:41:883  INFO 8436 --- [main] czs.mall.item.ItemApplication            : No active profile set, falling back to 1 default profile: "default"
15:48:42:571  INFO 8436 --- [main] o.s.cloud.context.scope.GenericScope     : BeanFactory id=81d87fc2-fccb-3922-a122-6e7c56c3ebeb
15:48:42:875  INFO 8436 --- [main] o.s.b.w.embedded.tomcat.TomcatWebServer  : Tomcat initialized with port(s): 8081 (http)
15:48:42:883  INFO 8436 --- [main] o.apache.catalina.core.StandardService   : Starting service [Tomcat]
15:48:42:883  INFO 8436 --- [main] org.apache.catalina.core.StandardEngine  : Starting Servlet engine: [Apache Tomcat/9.0.68]
15:48:43:006  INFO 8436 --- [main] o.a.c.c.C.[Tomcat].[localhost].[/]       : Initializing Spring embedded WebApplicationContext
15:48:43:006  INFO 8436 --- [main] w.s.c.ServletWebServerApplicationContext : Root WebApplicationContext: initialization completed in 1109 ms
15:48:45:138  INFO 8436 --- [main] pertySourcedRequestMappingHandlerMapping : Mapped URL path [/v2/api-docs] onto method [springfox.documentation.swagger2.web.Swagger2ControllerWebMvc#getDocumentation(String, HttpServletRequest)]
15:48:45:854  WARN 8436 --- [main] iguration$LoadBalancerCaffeineWarnLogger : Spring Cloud LoadBalancer is currently working with the default cache. While this cache implementation is useful for development and tests, it's recommended to use Caffeine cache in production.You can switch to using Caffeine cache, by adding it and org.springframework.cache.caffeine.CaffeineCacheManager to the classpath.
15:48:46:438  INFO 8436 --- [main] o.s.b.w.embedded.tomcat.TomcatWebServer  : Tomcat started on port(s): 8081 (http) with context path ''
15:48:47:012  INFO 8436 --- [main] d.s.w.p.DocumentationPluginsBootstrapper : Documentation plugins bootstrapped
15:48:47:014  INFO 8436 --- [main] d.s.w.p.DocumentationPluginsBootstrapper : Found 1 custom documentation plugin(s)
15:48:47:040  INFO 8436 --- [main] s.d.s.w.s.ApiListingReferenceScanner     : Scanning for api listing references
15:48:47:150  INFO 8436 --- [main] czs.mall.item.ItemApplication            : Started ItemApplication in 9.998 seconds (JVM running for 11.121)
15:48:47:159  INFO 8436 --- [main] c.a.c.n.refresh.NacosContextRefresher    : [Nacos Config] Listening config: dataId=item-service.properties, group=DEFAULT_GROUP
15:48:47:160  INFO 8436 --- [main] c.a.c.n.refresh.NacosContextRefresher    : [Nacos Config] Listening config: dataId=item-service, group=DEFAULT_GROUP
15:48:49:496  INFO 8436 --- [http-nio-8081-exec-2] o.a.c.c.C.[Tomcat].[localhost].[/]       : Initializing Spring DispatcherServlet 'dispatcherServlet'
15:48:49:497  INFO 8436 --- [http-nio-8081-exec-2] o.s.web.servlet.DispatcherServlet        : Initializing Servlet 'dispatcherServlet'
15:48:49:498  INFO 8436 --- [http-nio-8081-exec-2] o.s.web.servlet.DispatcherServlet        : Completed initialization in 1 ms
15:48:57:105  INFO 8436 --- [http-nio-8081-exec-3] com.zaxxer.hikari.HikariDataSource       : HikariPool-1 - Starting...
15:48:57:287  INFO 8436 --- [http-nio-8081-exec-3] com.zaxxer.hikari.HikariDataSource       : HikariPool-1 - Start completed.
15:52:33:464  WARN 8436 --- [Thread-11] c.a.nacos.common.notify.NotifyCenter     : [NotifyCenter] Start destroying Publisher
15:52:33:464  WARN 8436 --- [Thread-5] c.a.n.common.http.HttpClientBeanHolder   : [HttpClientBeanHolder] Start destroying common HttpClient
15:52:33:465  WARN 8436 --- [Thread-11] c.a.nacos.common.notify.NotifyCenter     : [NotifyCenter] Destruction of the end
15:52:33:465  WARN 8436 --- [Thread-5] c.a.n.common.http.HttpClientBeanHolder   : [HttpClientBeanHolder] Destruction of the end
16:07:53:070  INFO 23728 --- [main] czs.mall.item.ItemApplication            : No active profile set, falling back to 1 default profile: "default"
16:07:53:825  INFO 23728 --- [main] o.s.cloud.context.scope.GenericScope     : BeanFactory id=81d87fc2-fccb-3922-a122-6e7c56c3ebeb
16:07:54:150  INFO 23728 --- [main] o.s.b.w.embedded.tomcat.TomcatWebServer  : Tomcat initialized with port(s): 8081 (http)
16:07:54:158  INFO 23728 --- [main] o.apache.catalina.core.StandardService   : Starting service [Tomcat]
16:07:54:159  INFO 23728 --- [main] org.apache.catalina.core.StandardEngine  : Starting Servlet engine: [Apache Tomcat/9.0.68]
16:07:54:283  INFO 23728 --- [main] o.a.c.c.C.[Tomcat].[localhost].[/]       : Initializing Spring embedded WebApplicationContext
16:07:54:283  INFO 23728 --- [main] w.s.c.ServletWebServerApplicationContext : Root WebApplicationContext: initialization completed in 1198 ms
16:07:56:519  INFO 23728 --- [main] pertySourcedRequestMappingHandlerMapping : Mapped URL path [/v2/api-docs] onto method [springfox.documentation.swagger2.web.Swagger2ControllerWebMvc#getDocumentation(String, HttpServletRequest)]
16:07:57:256  WARN 23728 --- [main] iguration$LoadBalancerCaffeineWarnLogger : Spring Cloud LoadBalancer is currently working with the default cache. While this cache implementation is useful for development and tests, it's recommended to use Caffeine cache in production.You can switch to using Caffeine cache, by adding it and org.springframework.cache.caffeine.CaffeineCacheManager to the classpath.
16:07:57:887  INFO 23728 --- [main] o.s.b.w.embedded.tomcat.TomcatWebServer  : Tomcat started on port(s): 8081 (http) with context path ''
16:07:58:583  INFO 23728 --- [main] d.s.w.p.DocumentationPluginsBootstrapper : Documentation plugins bootstrapped
16:07:58:586  INFO 23728 --- [main] d.s.w.p.DocumentationPluginsBootstrapper : Found 1 custom documentation plugin(s)
16:07:58:619  INFO 23728 --- [main] s.d.s.w.s.ApiListingReferenceScanner     : Scanning for api listing references
16:07:58:741  INFO 23728 --- [main] czs.mall.item.ItemApplication            : Started ItemApplication in 10.273 seconds (JVM running for 11.239)
16:07:58:752  INFO 23728 --- [main] c.a.c.n.refresh.NacosContextRefresher    : [Nacos Config] Listening config: dataId=item-service.properties, group=DEFAULT_GROUP
16:07:58:752  INFO 23728 --- [main] c.a.c.n.refresh.NacosContextRefresher    : [Nacos Config] Listening config: dataId=item-service, group=DEFAULT_GROUP
16:09:47:656  WARN 23728 --- [Thread-12] c.a.nacos.common.notify.NotifyCenter     : [NotifyCenter] Start destroying Publisher
16:09:47:656  WARN 23728 --- [Thread-4] c.a.n.common.http.HttpClientBeanHolder   : [HttpClientBeanHolder] Start destroying common HttpClient
16:09:47:657  WARN 23728 --- [Thread-12] c.a.nacos.common.notify.NotifyCenter     : [NotifyCenter] Destruction of the end
16:09:47:657  WARN 23728 --- [Thread-4] c.a.n.common.http.HttpClientBeanHolder   : [HttpClientBeanHolder] Destruction of the end
16:10:06:946  INFO 14740 --- [main] czs.mall.item.ItemApplication            : No active profile set, falling back to 1 default profile: "default"
16:10:07:773  INFO 14740 --- [main] o.s.cloud.context.scope.GenericScope     : BeanFactory id=e85f6f10-99b9-3fdc-9942-5a08eeb8b2e9
16:10:08:145  INFO 14740 --- [main] o.s.b.w.embedded.tomcat.TomcatWebServer  : Tomcat initialized with port(s): 8081 (http)
16:10:08:157  INFO 14740 --- [main] o.apache.catalina.core.StandardService   : Starting service [Tomcat]
16:10:08:157  INFO 14740 --- [main] org.apache.catalina.core.StandardEngine  : Starting Servlet engine: [Apache Tomcat/9.0.68]
16:10:08:294  INFO 14740 --- [main] o.a.c.c.C.[Tomcat].[localhost].[/]       : Initializing Spring embedded WebApplicationContext
16:10:08:295  INFO 14740 --- [main] w.s.c.ServletWebServerApplicationContext : Root WebApplicationContext: initialization completed in 1334 ms
16:10:11:830  INFO 14740 --- [main] pertySourcedRequestMappingHandlerMapping : Mapped URL path [/v2/api-docs] onto method [springfox.documentation.swagger2.web.Swagger2ControllerWebMvc#getDocumentation(String, HttpServletRequest)]
16:10:12:597  WARN 14740 --- [main] iguration$LoadBalancerCaffeineWarnLogger : Spring Cloud LoadBalancer is currently working with the default cache. While this cache implementation is useful for development and tests, it's recommended to use Caffeine cache in production.You can switch to using Caffeine cache, by adding it and org.springframework.cache.caffeine.CaffeineCacheManager to the classpath.
16:10:13:171  INFO 14740 --- [main] o.s.b.w.embedded.tomcat.TomcatWebServer  : Tomcat started on port(s): 8081 (http) with context path ''
16:10:13:185  INFO 14740 --- [main] c.a.n.p.a.s.c.ClientAuthPluginManager    : [ClientAuthPluginManager] Load ClientAuthService com.alibaba.nacos.client.auth.impl.NacosClientAuthServiceImpl success.
16:10:13:185  INFO 14740 --- [main] c.a.n.p.a.s.c.ClientAuthPluginManager    : [ClientAuthPluginManager] Load ClientAuthService com.alibaba.nacos.client.auth.ram.RamClientAuthServiceImpl success.
16:10:13:524  INFO 14740 --- [main] c.a.c.n.registry.NacosServiceRegistry    : nacos registry, DEFAULT_GROUP item-service 192.168.50.1:8081 register finished
16:10:14:182  INFO 14740 --- [main] d.s.w.p.DocumentationPluginsBootstrapper : Documentation plugins bootstrapped
16:10:14:185  INFO 14740 --- [main] d.s.w.p.DocumentationPluginsBootstrapper : Found 1 custom documentation plugin(s)
16:10:14:212  INFO 14740 --- [main] s.d.s.w.s.ApiListingReferenceScanner     : Scanning for api listing references
16:10:14:434  INFO 14740 --- [main] czs.mall.item.ItemApplication            : Started ItemApplication in 12.023 seconds (JVM running for 13.021)
16:10:14:444  INFO 14740 --- [main] c.a.c.n.refresh.NacosContextRefresher    : [Nacos Config] Listening config: dataId=item-service.properties, group=DEFAULT_GROUP
16:10:14:445  INFO 14740 --- [main] c.a.c.n.refresh.NacosContextRefresher    : [Nacos Config] Listening config: dataId=item-service, group=DEFAULT_GROUP
16:11:23:994  WARN 14740 --- [Thread-4] c.a.n.common.http.HttpClientBeanHolder   : [HttpClientBeanHolder] Start destroying common HttpClient
16:11:23:994  WARN 14740 --- [Thread-12] c.a.nacos.common.notify.NotifyCenter     : [NotifyCenter] Start destroying Publisher
16:11:23:995  WARN 14740 --- [Thread-12] c.a.nacos.common.notify.NotifyCenter     : [NotifyCenter] Destruction of the end
16:11:23:996  WARN 14740 --- [Thread-4] c.a.n.common.http.HttpClientBeanHolder   : [HttpClientBeanHolder] Destruction of the end
16:11:24:456  INFO 14740 --- [SpringApplicationShutdownHook] c.a.c.n.registry.NacosServiceRegistry    : De-registering from Nacos Server now...
16:11:24:481  INFO 14740 --- [SpringApplicationShutdownHook] c.a.c.n.registry.NacosServiceRegistry    : De-registration finished.
16:11:31:342  INFO 28540 --- [main] czs.mall.item.ItemApplication            : No active profile set, falling back to 1 default profile: "default"
16:11:32:064  INFO 28540 --- [main] o.s.cloud.context.scope.GenericScope     : BeanFactory id=e85f6f10-99b9-3fdc-9942-5a08eeb8b2e9
16:11:32:321  INFO 28540 --- [main] o.s.b.w.embedded.tomcat.TomcatWebServer  : Tomcat initialized with port(s): 8081 (http)
16:11:32:330  INFO 28540 --- [main] o.apache.catalina.core.StandardService   : Starting service [Tomcat]
16:11:32:331  INFO 28540 --- [main] org.apache.catalina.core.StandardEngine  : Starting Servlet engine: [Apache Tomcat/9.0.68]
16:11:32:463  INFO 28540 --- [main] o.a.c.c.C.[Tomcat].[localhost].[/]       : Initializing Spring embedded WebApplicationContext
16:11:32:463  INFO 28540 --- [main] w.s.c.ServletWebServerApplicationContext : Root WebApplicationContext: initialization completed in 1108 ms
16:11:36:067  INFO 28540 --- [main] pertySourcedRequestMappingHandlerMapping : Mapped URL path [/v2/api-docs] onto method [springfox.documentation.swagger2.web.Swagger2ControllerWebMvc#getDocumentation(String, HttpServletRequest)]
16:11:36:835  WARN 28540 --- [main] iguration$LoadBalancerCaffeineWarnLogger : Spring Cloud LoadBalancer is currently working with the default cache. While this cache implementation is useful for development and tests, it's recommended to use Caffeine cache in production.You can switch to using Caffeine cache, by adding it and org.springframework.cache.caffeine.CaffeineCacheManager to the classpath.
16:11:37:433  INFO 28540 --- [main] o.s.b.w.embedded.tomcat.TomcatWebServer  : Tomcat started on port(s): 8081 (http) with context path ''
16:11:37:444  INFO 28540 --- [main] c.a.n.p.a.s.c.ClientAuthPluginManager    : [ClientAuthPluginManager] Load ClientAuthService com.alibaba.nacos.client.auth.impl.NacosClientAuthServiceImpl success.
16:11:37:444  INFO 28540 --- [main] c.a.n.p.a.s.c.ClientAuthPluginManager    : [ClientAuthPluginManager] Load ClientAuthService com.alibaba.nacos.client.auth.ram.RamClientAuthServiceImpl success.
16:11:37:646  INFO 28540 --- [main] c.a.c.n.registry.NacosServiceRegistry    : nacos registry, MALL_GROUP item-service 192.168.50.1:8081 register finished
16:11:38:314  INFO 28540 --- [main] d.s.w.p.DocumentationPluginsBootstrapper : Documentation plugins bootstrapped
16:11:38:317  INFO 28540 --- [main] d.s.w.p.DocumentationPluginsBootstrapper : Found 1 custom documentation plugin(s)
16:11:38:343  INFO 28540 --- [main] s.d.s.w.s.ApiListingReferenceScanner     : Scanning for api listing references
16:11:38:558  INFO 28540 --- [main] czs.mall.item.ItemApplication            : Started ItemApplication in 11.855 seconds (JVM running for 12.85)
16:11:38:571  INFO 28540 --- [main] c.a.c.n.refresh.NacosContextRefresher    : [Nacos Config] Listening config: dataId=item-service.properties, group=DEFAULT_GROUP
16:11:38:572  INFO 28540 --- [main] c.a.c.n.refresh.NacosContextRefresher    : [Nacos Config] Listening config: dataId=item-service, group=DEFAULT_GROUP
16:11:59:795  WARN 28540 --- [Thread-4] c.a.n.common.http.HttpClientBeanHolder   : [HttpClientBeanHolder] Start destroying common HttpClient
16:11:59:795  WARN 28540 --- [Thread-12] c.a.nacos.common.notify.NotifyCenter     : [NotifyCenter] Start destroying Publisher
16:11:59:796  WARN 28540 --- [Thread-12] c.a.nacos.common.notify.NotifyCenter     : [NotifyCenter] Destruction of the end
16:11:59:796  WARN 28540 --- [Thread-4] c.a.n.common.http.HttpClientBeanHolder   : [HttpClientBeanHolder] Destruction of the end
16:12:00:248  INFO 28540 --- [SpringApplicationShutdownHook] c.a.c.n.registry.NacosServiceRegistry    : De-registering from Nacos Server now...
16:12:00:254  INFO 28540 --- [SpringApplicationShutdownHook] c.a.c.n.registry.NacosServiceRegistry    : De-registration finished.
16:12:07:225  INFO 26324 --- [main] czs.mall.item.ItemApplication            : No active profile set, falling back to 1 default profile: "default"
16:12:08:008  INFO 26324 --- [main] o.s.cloud.context.scope.GenericScope     : BeanFactory id=e85f6f10-99b9-3fdc-9942-5a08eeb8b2e9
16:12:08:274  INFO 26324 --- [main] o.s.b.w.embedded.tomcat.TomcatWebServer  : Tomcat initialized with port(s): 8081 (http)
16:12:08:282  INFO 26324 --- [main] o.apache.catalina.core.StandardService   : Starting service [Tomcat]
16:12:08:282  INFO 26324 --- [main] org.apache.catalina.core.StandardEngine  : Starting Servlet engine: [Apache Tomcat/9.0.68]
16:12:08:409  INFO 26324 --- [main] o.a.c.c.C.[Tomcat].[localhost].[/]       : Initializing Spring embedded WebApplicationContext
16:12:08:410  INFO 26324 --- [main] w.s.c.ServletWebServerApplicationContext : Root WebApplicationContext: initialization completed in 1171 ms
16:12:12:058  INFO 26324 --- [main] pertySourcedRequestMappingHandlerMapping : Mapped URL path [/v2/api-docs] onto method [springfox.documentation.swagger2.web.Swagger2ControllerWebMvc#getDocumentation(String, HttpServletRequest)]
16:12:12:896  WARN 26324 --- [main] iguration$LoadBalancerCaffeineWarnLogger : Spring Cloud LoadBalancer is currently working with the default cache. While this cache implementation is useful for development and tests, it's recommended to use Caffeine cache in production.You can switch to using Caffeine cache, by adding it and org.springframework.cache.caffeine.CaffeineCacheManager to the classpath.
16:12:13:573  INFO 26324 --- [main] o.s.b.w.embedded.tomcat.TomcatWebServer  : Tomcat started on port(s): 8081 (http) with context path ''
16:12:13:584  INFO 26324 --- [main] c.a.n.p.a.s.c.ClientAuthPluginManager    : [ClientAuthPluginManager] Load ClientAuthService com.alibaba.nacos.client.auth.impl.NacosClientAuthServiceImpl success.
16:12:13:584  INFO 26324 --- [main] c.a.n.p.a.s.c.ClientAuthPluginManager    : [ClientAuthPluginManager] Load ClientAuthService com.alibaba.nacos.client.auth.ram.RamClientAuthServiceImpl success.
16:12:13:781  INFO 26324 --- [main] c.a.c.n.registry.NacosServiceRegistry    : nacos registry, MALL_GROUP item-service 192.168.50.1:8081 register finished
16:12:14:483  INFO 26324 --- [main] d.s.w.p.DocumentationPluginsBootstrapper : Documentation plugins bootstrapped
16:12:14:486  INFO 26324 --- [main] d.s.w.p.DocumentationPluginsBootstrapper : Found 1 custom documentation plugin(s)
16:12:14:516  INFO 26324 --- [main] s.d.s.w.s.ApiListingReferenceScanner     : Scanning for api listing references
16:12:14:746  INFO 26324 --- [main] czs.mall.item.ItemApplication            : Started ItemApplication in 12.336 seconds (JVM running for 13.388)
16:12:14:756  INFO 26324 --- [main] c.a.c.n.refresh.NacosContextRefresher    : [Nacos Config] Listening config: dataId=item-service.properties, group=DEFAULT_GROUP
16:12:14:757  INFO 26324 --- [main] c.a.c.n.refresh.NacosContextRefresher    : [Nacos Config] Listening config: dataId=item-service, group=DEFAULT_GROUP
16:13:00:027  WARN 26324 --- [Thread-13] c.a.nacos.common.notify.NotifyCenter     : [NotifyCenter] Start destroying Publisher
16:13:00:027  WARN 26324 --- [Thread-5] c.a.n.common.http.HttpClientBeanHolder   : [HttpClientBeanHolder] Start destroying common HttpClient
16:13:00:029  WARN 26324 --- [Thread-13] c.a.nacos.common.notify.NotifyCenter     : [NotifyCenter] Destruction of the end
16:13:00:029  WARN 26324 --- [Thread-5] c.a.n.common.http.HttpClientBeanHolder   : [HttpClientBeanHolder] Destruction of the end
16:13:00:497  INFO 26324 --- [SpringApplicationShutdownHook] c.a.c.n.registry.NacosServiceRegistry    : De-registering from Nacos Server now...
16:13:00:501  INFO 26324 --- [SpringApplicationShutdownHook] c.a.c.n.registry.NacosServiceRegistry    : De-registration finished.
16:55:24:561  INFO 8252 --- [main] czs.mall.item.ItemApplication            : No active profile set, falling back to 1 default profile: "default"
16:55:25:601  INFO 8252 --- [main] o.s.cloud.context.scope.GenericScope     : BeanFactory id=e85f6f10-99b9-3fdc-9942-5a08eeb8b2e9
16:55:25:927  INFO 8252 --- [main] o.s.b.w.embedded.tomcat.TomcatWebServer  : Tomcat initialized with port(s): 8081 (http)
16:55:25:939  INFO 8252 --- [main] o.apache.catalina.core.StandardService   : Starting service [Tomcat]
16:55:25:939  INFO 8252 --- [main] org.apache.catalina.core.StandardEngine  : Starting Servlet engine: [Apache Tomcat/9.0.68]
16:55:26:111  INFO 8252 --- [main] o.a.c.c.C.[Tomcat].[localhost].[/]       : Initializing Spring embedded WebApplicationContext
16:55:26:111  INFO 8252 --- [main] w.s.c.ServletWebServerApplicationContext : Root WebApplicationContext: initialization completed in 1535 ms
16:55:30:385  INFO 8252 --- [main] pertySourcedRequestMappingHandlerMapping : Mapped URL path [/v2/api-docs] onto method [springfox.documentation.swagger2.web.Swagger2ControllerWebMvc#getDocumentation(String, HttpServletRequest)]
16:55:31:367  WARN 8252 --- [main] iguration$LoadBalancerCaffeineWarnLogger : Spring Cloud LoadBalancer is currently working with the default cache. While this cache implementation is useful for development and tests, it's recommended to use Caffeine cache in production.You can switch to using Caffeine cache, by adding it and org.springframework.cache.caffeine.CaffeineCacheManager to the classpath.
16:55:32:175  INFO 8252 --- [main] o.s.b.w.embedded.tomcat.TomcatWebServer  : Tomcat started on port(s): 8081 (http) with context path ''
16:55:32:187  INFO 8252 --- [main] c.a.n.p.a.s.c.ClientAuthPluginManager    : [ClientAuthPluginManager] Load ClientAuthService com.alibaba.nacos.client.auth.impl.NacosClientAuthServiceImpl success.
16:55:32:187  INFO 8252 --- [main] c.a.n.p.a.s.c.ClientAuthPluginManager    : [ClientAuthPluginManager] Load ClientAuthService com.alibaba.nacos.client.auth.ram.RamClientAuthServiceImpl success.
16:55:32:406  INFO 8252 --- [main] c.a.c.n.registry.NacosServiceRegistry    : nacos registry, MALL_GROUP item-service 192.168.50.1:8081 register finished
16:55:33:228  INFO 8252 --- [main] d.s.w.p.DocumentationPluginsBootstrapper : Documentation plugins bootstrapped
16:55:33:232  INFO 8252 --- [main] d.s.w.p.DocumentationPluginsBootstrapper : Found 1 custom documentation plugin(s)
16:55:33:263  INFO 8252 --- [main] s.d.s.w.s.ApiListingReferenceScanner     : Scanning for api listing references
16:55:33:497  INFO 8252 --- [main] czs.mall.item.ItemApplication            : Started ItemApplication in 14.294 seconds (JVM running for 15.283)
16:55:33:511  INFO 8252 --- [main] c.a.c.n.refresh.NacosContextRefresher    : [Nacos Config] Listening config: dataId=item-service.properties, group=DEFAULT_GROUP
16:55:33:511  INFO 8252 --- [main] c.a.c.n.refresh.NacosContextRefresher    : [Nacos Config] Listening config: dataId=item-service, group=DEFAULT_GROUP
16:57:18:943  WARN 8252 --- [Thread-13] c.a.nacos.common.notify.NotifyCenter     : [NotifyCenter] Start destroying Publisher
16:57:18:943  WARN 8252 --- [Thread-4] c.a.n.common.http.HttpClientBeanHolder   : [HttpClientBeanHolder] Start destroying common HttpClient
16:57:18:945  WARN 8252 --- [Thread-13] c.a.nacos.common.notify.NotifyCenter     : [NotifyCenter] Destruction of the end
16:57:18:945  WARN 8252 --- [Thread-4] c.a.n.common.http.HttpClientBeanHolder   : [HttpClientBeanHolder] Destruction of the end
16:57:19:534  INFO 8252 --- [SpringApplicationShutdownHook] c.a.c.n.registry.NacosServiceRegistry    : De-registering from Nacos Server now...
16:57:19:539  INFO 8252 --- [SpringApplicationShutdownHook] c.a.c.n.registry.NacosServiceRegistry    : De-registration finished.
17:07:34:028  INFO 1572 --- [main] czs.mall.item.ItemApplication            : No active profile set, falling back to 1 default profile: "default"
17:07:34:922  INFO 1572 --- [main] o.s.cloud.context.scope.GenericScope     : BeanFactory id=e85f6f10-99b9-3fdc-9942-5a08eeb8b2e9
17:07:35:357  INFO 1572 --- [main] o.s.b.w.embedded.tomcat.TomcatWebServer  : Tomcat initialized with port(s): 8081 (http)
17:07:35:371  INFO 1572 --- [main] o.apache.catalina.core.StandardService   : Starting service [Tomcat]
17:07:35:371  INFO 1572 --- [main] org.apache.catalina.core.StandardEngine  : Starting Servlet engine: [Apache Tomcat/9.0.68]
17:07:35:533  INFO 1572 --- [main] o.a.c.c.C.[Tomcat].[localhost].[/]       : Initializing Spring embedded WebApplicationContext
17:07:35:533  INFO 1572 --- [main] w.s.c.ServletWebServerApplicationContext : Root WebApplicationContext: initialization completed in 1489 ms
17:07:39:995  INFO 1572 --- [main] pertySourcedRequestMappingHandlerMapping : Mapped URL path [/v2/api-docs] onto method [springfox.documentation.swagger2.web.Swagger2ControllerWebMvc#getDocumentation(String, HttpServletRequest)]
17:07:40:887  WARN 1572 --- [main] iguration$LoadBalancerCaffeineWarnLogger : Spring Cloud LoadBalancer is currently working with the default cache. While this cache implementation is useful for development and tests, it's recommended to use Caffeine cache in production.You can switch to using Caffeine cache, by adding it and org.springframework.cache.caffeine.CaffeineCacheManager to the classpath.
17:07:41:690  INFO 1572 --- [main] o.s.b.w.embedded.tomcat.TomcatWebServer  : Tomcat started on port(s): 8081 (http) with context path ''
17:07:41:702  INFO 1572 --- [main] c.a.n.p.a.s.c.ClientAuthPluginManager    : [ClientAuthPluginManager] Load ClientAuthService com.alibaba.nacos.client.auth.impl.NacosClientAuthServiceImpl success.
17:07:41:702  INFO 1572 --- [main] c.a.n.p.a.s.c.ClientAuthPluginManager    : [ClientAuthPluginManager] Load ClientAuthService com.alibaba.nacos.client.auth.ram.RamClientAuthServiceImpl success.
17:07:41:916  INFO 1572 --- [main] c.a.c.n.registry.NacosServiceRegistry    : nacos registry, MALL_GROUP item-service 192.168.50.1:8081 register finished
17:07:42:839  INFO 1572 --- [main] d.s.w.p.DocumentationPluginsBootstrapper : Documentation plugins bootstrapped
17:07:42:842  INFO 1572 --- [main] d.s.w.p.DocumentationPluginsBootstrapper : Found 1 custom documentation plugin(s)
17:07:42:870  INFO 1572 --- [main] s.d.s.w.s.ApiListingReferenceScanner     : Scanning for api listing references
17:07:43:152  INFO 1572 --- [main] czs.mall.item.ItemApplication            : Started ItemApplication in 14.348 seconds (JVM running for 15.361)
17:07:43:169  INFO 1572 --- [main] c.a.c.n.refresh.NacosContextRefresher    : [Nacos Config] Listening config: dataId=item-service.properties, group=DEFAULT_GROUP
17:07:43:170  INFO 1572 --- [main] c.a.c.n.refresh.NacosContextRefresher    : [Nacos Config] Listening config: dataId=item-service, group=DEFAULT_GROUP
17:14:04:495  INFO 1572 --- [http-nio-8081-exec-3] o.a.c.c.C.[Tomcat].[localhost].[/]       : Initializing Spring DispatcherServlet 'dispatcherServlet'
17:14:04:495  INFO 1572 --- [http-nio-8081-exec-3] o.s.web.servlet.DispatcherServlet        : Initializing Servlet 'dispatcherServlet'
17:14:04:497  INFO 1572 --- [http-nio-8081-exec-3] o.s.web.servlet.DispatcherServlet        : Completed initialization in 1 ms
17:14:04:594  INFO 1572 --- [http-nio-8081-exec-3] com.zaxxer.hikari.HikariDataSource       : HikariPool-1 - Starting...
17:14:04:813  INFO 1572 --- [http-nio-8081-exec-3] com.zaxxer.hikari.HikariDataSource       : HikariPool-1 - Start completed.
17:15:58:400  WARN 1572 --- [Thread-4] c.a.n.common.http.HttpClientBeanHolder   : [HttpClientBeanHolder] Start destroying common HttpClient
17:15:58:400  WARN 1572 --- [Thread-13] c.a.nacos.common.notify.NotifyCenter     : [NotifyCenter] Start destroying Publisher
17:15:58:400  WARN 1572 --- [Thread-13] c.a.nacos.common.notify.NotifyCenter     : [NotifyCenter] Destruction of the end
17:15:58:401  WARN 1572 --- [Thread-4] c.a.n.common.http.HttpClientBeanHolder   : [HttpClientBeanHolder] Destruction of the end
17:15:58:970  INFO 1572 --- [SpringApplicationShutdownHook] c.a.c.n.registry.NacosServiceRegistry    : De-registering from Nacos Server now...
17:15:58:987  INFO 1572 --- [SpringApplicationShutdownHook] c.a.c.n.registry.NacosServiceRegistry    : De-registration finished.
17:15:58:993  INFO 1572 --- [SpringApplicationShutdownHook] com.zaxxer.hikari.HikariDataSource       : HikariPool-1 - Shutdown initiated...
17:15:59:001  INFO 1572 --- [SpringApplicationShutdownHook] com.zaxxer.hikari.HikariDataSource       : HikariPool-1 - Shutdown completed.
17:16:06:906  INFO 5688 --- [main] czs.mall.item.ItemApplication            : No active profile set, falling back to 1 default profile: "default"
17:16:07:904  INFO 5688 --- [main] o.s.cloud.context.scope.GenericScope     : BeanFactory id=fc8cd130-db1b-3a93-9ec5-68461df8429f
17:16:08:368  INFO 5688 --- [main] o.s.b.w.embedded.tomcat.TomcatWebServer  : Tomcat initialized with port(s): 8081 (http)
17:16:08:378  INFO 5688 --- [main] o.apache.catalina.core.StandardService   : Starting service [Tomcat]
17:16:08:378  INFO 5688 --- [main] org.apache.catalina.core.StandardEngine  : Starting Servlet engine: [Apache Tomcat/9.0.68]
17:16:08:543  INFO 5688 --- [main] o.a.c.c.C.[Tomcat].[localhost].[/]       : Initializing Spring embedded WebApplicationContext
17:16:08:543  INFO 5688 --- [main] w.s.c.ServletWebServerApplicationContext : Root WebApplicationContext: initialization completed in 1620 ms
17:16:14:046  INFO 5688 --- [main] pertySourcedRequestMappingHandlerMapping : Mapped URL path [/v2/api-docs] onto method [springfox.documentation.swagger2.web.Swagger2ControllerWebMvc#getDocumentation(String, HttpServletRequest)]
17:16:15:045  WARN 5688 --- [main] iguration$LoadBalancerCaffeineWarnLogger : Spring Cloud LoadBalancer is currently working with the default cache. While this cache implementation is useful for development and tests, it's recommended to use Caffeine cache in production.You can switch to using Caffeine cache, by adding it and org.springframework.cache.caffeine.CaffeineCacheManager to the classpath.
17:16:15:833  INFO 5688 --- [main] o.s.b.w.embedded.tomcat.TomcatWebServer  : Tomcat started on port(s): 8081 (http) with context path ''
17:16:15:845  INFO 5688 --- [main] c.a.n.p.a.s.c.ClientAuthPluginManager    : [ClientAuthPluginManager] Load ClientAuthService com.alibaba.nacos.client.auth.impl.NacosClientAuthServiceImpl success.
17:16:15:845  INFO 5688 --- [main] c.a.n.p.a.s.c.ClientAuthPluginManager    : [ClientAuthPluginManager] Load ClientAuthService com.alibaba.nacos.client.auth.ram.RamClientAuthServiceImpl success.
17:16:16:071  INFO 5688 --- [main] c.a.c.n.registry.NacosServiceRegistry    : nacos registry, MALL_GROUP item-service 192.168.50.1:8081 register finished
17:16:16:926  INFO 5688 --- [main] d.s.w.p.DocumentationPluginsBootstrapper : Documentation plugins bootstrapped
17:16:16:929  INFO 5688 --- [main] d.s.w.p.DocumentationPluginsBootstrapper : Found 1 custom documentation plugin(s)
17:16:16:957  INFO 5688 --- [main] s.d.s.w.s.ApiListingReferenceScanner     : Scanning for api listing references
17:16:17:197  INFO 5688 --- [main] czs.mall.item.ItemApplication            : Started ItemApplication in 15.76 seconds (JVM running for 16.931)
17:16:17:211  INFO 5688 --- [main] c.a.c.n.refresh.NacosContextRefresher    : [Nacos Config] Listening config: dataId=item-service.properties, group=DEFAULT_GROUP
17:16:17:211  INFO 5688 --- [main] c.a.c.n.refresh.NacosContextRefresher    : [Nacos Config] Listening config: dataId=item-service, group=DEFAULT_GROUP
17:16:58:865  INFO 5688 --- [http-nio-8081-exec-1] o.a.c.c.C.[Tomcat].[localhost].[/]       : Initializing Spring DispatcherServlet 'dispatcherServlet'
17:16:58:866  INFO 5688 --- [http-nio-8081-exec-1] o.s.web.servlet.DispatcherServlet        : Initializing Servlet 'dispatcherServlet'
17:16:58:867  INFO 5688 --- [http-nio-8081-exec-1] o.s.web.servlet.DispatcherServlet        : Completed initialization in 1 ms
17:16:58:982  INFO 5688 --- [http-nio-8081-exec-1] com.zaxxer.hikari.HikariDataSource       : HikariPool-1 - Starting...
17:16:59:180  INFO 5688 --- [http-nio-8081-exec-1] com.zaxxer.hikari.HikariDataSource       : HikariPool-1 - Start completed.
17:17:07:412  WARN 5688 --- [Thread-13] c.a.nacos.common.notify.NotifyCenter     : [NotifyCenter] Start destroying Publisher
17:17:07:412  WARN 5688 --- [Thread-5] c.a.n.common.http.HttpClientBeanHolder   : [HttpClientBeanHolder] Start destroying common HttpClient
17:17:07:412  WARN 5688 --- [Thread-13] c.a.nacos.common.notify.NotifyCenter     : [NotifyCenter] Destruction of the end
17:17:07:412  WARN 5688 --- [Thread-5] c.a.n.common.http.HttpClientBeanHolder   : [HttpClientBeanHolder] Destruction of the end
17:17:07:981  INFO 5688 --- [SpringApplicationShutdownHook] c.a.c.n.registry.NacosServiceRegistry    : De-registering from Nacos Server now...
17:17:07:986  INFO 5688 --- [SpringApplicationShutdownHook] c.a.c.n.registry.NacosServiceRegistry    : De-registration finished.
17:17:07:994  INFO 5688 --- [SpringApplicationShutdownHook] com.zaxxer.hikari.HikariDataSource       : HikariPool-1 - Shutdown initiated...
17:17:08:001  INFO 5688 --- [SpringApplicationShutdownHook] com.zaxxer.hikari.HikariDataSource       : HikariPool-1 - Shutdown completed.
