16:33:38:082  INFO 11400 --- [main] czs.mall.user.UserApplication            : No active profile set, falling back to 1 default profile: "default"
16:33:38:780  INFO 11400 --- [main] o.s.cloud.context.scope.GenericScope     : BeanFactory id=422efc2b-ab4b-33fb-96ff-09f3200905a6
16:33:39:047  INFO 11400 --- [main] o.s.b.w.embedded.tomcat.TomcatWebServer  : Tomcat initialized with port(s): 8084 (http)
16:33:39:055  INFO 11400 --- [main] o.apache.catalina.core.StandardService   : Starting service [Tomcat]
16:33:39:056  INFO 11400 --- [main] org.apache.catalina.core.StandardEngine  : Starting Servlet engine: [Apache Tomcat/9.0.68]
16:33:39:173  INFO 11400 --- [main] o.a.c.c.C.[Tomcat].[localhost].[/]       : Initializing Spring embedded WebApplicationContext
16:33:39:174  INFO 11400 --- [main] w.s.c.ServletWebServerApplicationContext : Root WebApplicationContext: initialization completed in 1079 ms
16:33:42:436  INFO 11400 --- [main] pertySourcedRequestMappingHandlerMapping : Mapped URL path [/v2/api-docs] onto method [springfox.documentation.swagger2.web.Swagger2ControllerWebMvc#getDocumentation(String, HttpServletRequest)]
16:33:43:121  WARN 11400 --- [main] iguration$LoadBalancerCaffeineWarnLogger : Spring Cloud LoadBalancer is currently working with the default cache. While this cache implementation is useful for development and tests, it's recommended to use Caffeine cache in production.You can switch to using Caffeine cache, by adding it and org.springframework.cache.caffeine.CaffeineCacheManager to the classpath.
16:33:43:657  INFO 11400 --- [main] o.s.b.w.embedded.tomcat.TomcatWebServer  : Tomcat started on port(s): 8084 (http) with context path ''
16:33:43:668  INFO 11400 --- [main] c.a.n.p.a.s.c.ClientAuthPluginManager    : [ClientAuthPluginManager] Load ClientAuthService com.alibaba.nacos.client.auth.impl.NacosClientAuthServiceImpl success.
16:33:43:668  INFO 11400 --- [main] c.a.n.p.a.s.c.ClientAuthPluginManager    : [ClientAuthPluginManager] Load ClientAuthService com.alibaba.nacos.client.auth.ram.RamClientAuthServiceImpl success.
16:33:43:914  INFO 11400 --- [main] c.a.c.n.registry.NacosServiceRegistry    : nacos registry, MALL_GROUP user-service 192.168.50.1:8084 register finished
16:33:44:532  INFO 11400 --- [main] d.s.w.p.DocumentationPluginsBootstrapper : Documentation plugins bootstrapped
16:33:44:535  INFO 11400 --- [main] d.s.w.p.DocumentationPluginsBootstrapper : Found 1 custom documentation plugin(s)
16:33:44:555  INFO 11400 --- [main] s.d.s.w.s.ApiListingReferenceScanner     : Scanning for api listing references
16:33:44:757  INFO 11400 --- [main] czs.mall.user.UserApplication            : Started UserApplication in 10.963 seconds (JVM running for 12.031)
16:33:44:769  INFO 11400 --- [main] c.a.c.n.refresh.NacosContextRefresher    : [Nacos Config] Listening config: dataId=user-service.properties, group=DEFAULT_GROUP
16:33:44:770  INFO 11400 --- [main] c.a.c.n.refresh.NacosContextRefresher    : [Nacos Config] Listening config: dataId=user-service, group=DEFAULT_GROUP
16:33:48:493  INFO 11400 --- [http-nio-8084-exec-1] o.a.c.c.C.[Tomcat].[localhost].[/]       : Initializing Spring DispatcherServlet 'dispatcherServlet'
16:33:48:494  INFO 11400 --- [http-nio-8084-exec-1] o.s.web.servlet.DispatcherServlet        : Initializing Servlet 'dispatcherServlet'
16:33:48:495  INFO 11400 --- [http-nio-8084-exec-1] o.s.web.servlet.DispatcherServlet        : Completed initialization in 1 ms
16:34:05:549  WARN 11400 --- [Thread-12] c.a.nacos.common.notify.NotifyCenter     : [NotifyCenter] Start destroying Publisher
16:34:05:549  WARN 11400 --- [Thread-4] c.a.n.common.http.HttpClientBeanHolder   : [HttpClientBeanHolder] Start destroying common HttpClient
16:34:05:550  WARN 11400 --- [Thread-12] c.a.nacos.common.notify.NotifyCenter     : [NotifyCenter] Destruction of the end
16:34:05:550  WARN 11400 --- [Thread-4] c.a.n.common.http.HttpClientBeanHolder   : [HttpClientBeanHolder] Destruction of the end
16:34:06:004  INFO 11400 --- [SpringApplicationShutdownHook] c.a.c.n.registry.NacosServiceRegistry    : De-registering from Nacos Server now...
16:34:06:012  INFO 11400 --- [SpringApplicationShutdownHook] c.a.c.n.registry.NacosServiceRegistry    : De-registration finished.
16:55:29:091  INFO 13412 --- [main] czs.mall.user.UserApplication            : No active profile set, falling back to 1 default profile: "default"
16:55:29:839  INFO 13412 --- [main] o.s.cloud.context.scope.GenericScope     : BeanFactory id=422efc2b-ab4b-33fb-96ff-09f3200905a6
16:55:30:142  INFO 13412 --- [main] o.s.b.w.embedded.tomcat.TomcatWebServer  : Tomcat initialized with port(s): 8084 (http)
16:55:30:151  INFO 13412 --- [main] o.apache.catalina.core.StandardService   : Starting service [Tomcat]
16:55:30:151  INFO 13412 --- [main] org.apache.catalina.core.StandardEngine  : Starting Servlet engine: [Apache Tomcat/9.0.68]
16:55:30:281  INFO 13412 --- [main] o.a.c.c.C.[Tomcat].[localhost].[/]       : Initializing Spring embedded WebApplicationContext
16:55:30:281  INFO 13412 --- [main] w.s.c.ServletWebServerApplicationContext : Root WebApplicationContext: initialization completed in 1176 ms
16:55:34:781  INFO 13412 --- [main] pertySourcedRequestMappingHandlerMapping : Mapped URL path [/v2/api-docs] onto method [springfox.documentation.swagger2.web.Swagger2ControllerWebMvc#getDocumentation(String, HttpServletRequest)]
16:55:35:686  WARN 13412 --- [main] iguration$LoadBalancerCaffeineWarnLogger : Spring Cloud LoadBalancer is currently working with the default cache. While this cache implementation is useful for development and tests, it's recommended to use Caffeine cache in production.You can switch to using Caffeine cache, by adding it and org.springframework.cache.caffeine.CaffeineCacheManager to the classpath.
16:55:36:369  INFO 13412 --- [main] o.s.b.w.embedded.tomcat.TomcatWebServer  : Tomcat started on port(s): 8084 (http) with context path ''
16:55:36:380  INFO 13412 --- [main] c.a.n.p.a.s.c.ClientAuthPluginManager    : [ClientAuthPluginManager] Load ClientAuthService com.alibaba.nacos.client.auth.impl.NacosClientAuthServiceImpl success.
16:55:36:380  INFO 13412 --- [main] c.a.n.p.a.s.c.ClientAuthPluginManager    : [ClientAuthPluginManager] Load ClientAuthService com.alibaba.nacos.client.auth.ram.RamClientAuthServiceImpl success.
16:55:36:582  INFO 13412 --- [main] c.a.c.n.registry.NacosServiceRegistry    : nacos registry, MALL_GROUP user-service 192.168.50.1:8084 register finished
16:55:37:355  INFO 13412 --- [main] d.s.w.p.DocumentationPluginsBootstrapper : Documentation plugins bootstrapped
16:55:37:358  INFO 13412 --- [main] d.s.w.p.DocumentationPluginsBootstrapper : Found 1 custom documentation plugin(s)
16:55:37:383  INFO 13412 --- [main] s.d.s.w.s.ApiListingReferenceScanner     : Scanning for api listing references
16:55:37:593  INFO 13412 --- [main] czs.mall.user.UserApplication            : Started UserApplication in 14.065 seconds (JVM running for 15.256)
16:55:37:605  INFO 13412 --- [main] c.a.c.n.refresh.NacosContextRefresher    : [Nacos Config] Listening config: dataId=user-service.properties, group=DEFAULT_GROUP
16:55:37:606  INFO 13412 --- [main] c.a.c.n.refresh.NacosContextRefresher    : [Nacos Config] Listening config: dataId=user-service, group=DEFAULT_GROUP
16:57:19:042  WARN 13412 --- [Thread-5] c.a.n.common.http.HttpClientBeanHolder   : [HttpClientBeanHolder] Start destroying common HttpClient
16:57:19:042  WARN 13412 --- [Thread-13] c.a.nacos.common.notify.NotifyCenter     : [NotifyCenter] Start destroying Publisher
16:57:19:043  WARN 13412 --- [Thread-13] c.a.nacos.common.notify.NotifyCenter     : [NotifyCenter] Destruction of the end
16:57:19:044  WARN 13412 --- [Thread-5] c.a.n.common.http.HttpClientBeanHolder   : [HttpClientBeanHolder] Destruction of the end
16:57:19:640  INFO 13412 --- [SpringApplicationShutdownHook] c.a.c.n.registry.NacosServiceRegistry    : De-registering from Nacos Server now...
16:57:19:644  INFO 13412 --- [SpringApplicationShutdownHook] c.a.c.n.registry.NacosServiceRegistry    : De-registration finished.
17:07:55:948  INFO 1868 --- [main] czs.mall.user.UserApplication            : No active profile set, falling back to 1 default profile: "default"
17:07:56:926  INFO 1868 --- [main] o.s.cloud.context.scope.GenericScope     : BeanFactory id=422efc2b-ab4b-33fb-96ff-09f3200905a6
17:07:57:497  INFO 1868 --- [main] o.s.b.w.embedded.tomcat.TomcatWebServer  : Tomcat initialized with port(s): 8084 (http)
17:07:57:509  INFO 1868 --- [main] o.apache.catalina.core.StandardService   : Starting service [Tomcat]
17:07:57:509  INFO 1868 --- [main] org.apache.catalina.core.StandardEngine  : Starting Servlet engine: [Apache Tomcat/9.0.68]
17:07:57:722  INFO 1868 --- [main] o.a.c.c.C.[Tomcat].[localhost].[/]       : Initializing Spring embedded WebApplicationContext
17:07:57:722  INFO 1868 --- [main] w.s.c.ServletWebServerApplicationContext : Root WebApplicationContext: initialization completed in 1751 ms
17:08:02:000  INFO 1868 --- [main] pertySourcedRequestMappingHandlerMapping : Mapped URL path [/v2/api-docs] onto method [springfox.documentation.swagger2.web.Swagger2ControllerWebMvc#getDocumentation(String, HttpServletRequest)]
17:08:02:762  WARN 1868 --- [main] iguration$LoadBalancerCaffeineWarnLogger : Spring Cloud LoadBalancer is currently working with the default cache. While this cache implementation is useful for development and tests, it's recommended to use Caffeine cache in production.You can switch to using Caffeine cache, by adding it and org.springframework.cache.caffeine.CaffeineCacheManager to the classpath.
17:08:03:380  INFO 1868 --- [main] o.s.b.w.embedded.tomcat.TomcatWebServer  : Tomcat started on port(s): 8084 (http) with context path ''
17:08:03:395  INFO 1868 --- [main] c.a.n.p.a.s.c.ClientAuthPluginManager    : [ClientAuthPluginManager] Load ClientAuthService com.alibaba.nacos.client.auth.impl.NacosClientAuthServiceImpl success.
17:08:03:395  INFO 1868 --- [main] c.a.n.p.a.s.c.ClientAuthPluginManager    : [ClientAuthPluginManager] Load ClientAuthService com.alibaba.nacos.client.auth.ram.RamClientAuthServiceImpl success.
17:08:03:595  INFO 1868 --- [main] c.a.c.n.registry.NacosServiceRegistry    : nacos registry, MALL_GROUP user-service 192.168.50.1:8084 register finished
17:08:04:295  INFO 1868 --- [main] d.s.w.p.DocumentationPluginsBootstrapper : Documentation plugins bootstrapped
17:08:04:298  INFO 1868 --- [main] d.s.w.p.DocumentationPluginsBootstrapper : Found 1 custom documentation plugin(s)
17:08:04:324  INFO 1868 --- [main] s.d.s.w.s.ApiListingReferenceScanner     : Scanning for api listing references
17:08:04:533  INFO 1868 --- [main] czs.mall.user.UserApplication            : Started UserApplication in 14.778 seconds (JVM running for 16.071)
17:08:04:548  INFO 1868 --- [main] c.a.c.n.refresh.NacosContextRefresher    : [Nacos Config] Listening config: dataId=user-service.properties, group=DEFAULT_GROUP
17:08:04:548  INFO 1868 --- [main] c.a.c.n.refresh.NacosContextRefresher    : [Nacos Config] Listening config: dataId=user-service, group=DEFAULT_GROUP
17:15:58:504  WARN 1868 --- [Thread-5] c.a.n.common.http.HttpClientBeanHolder   : [HttpClientBeanHolder] Start destroying common HttpClient
17:15:58:505  WARN 1868 --- [Thread-13] c.a.nacos.common.notify.NotifyCenter     : [NotifyCenter] Start destroying Publisher
17:15:58:505  WARN 1868 --- [Thread-13] c.a.nacos.common.notify.NotifyCenter     : [NotifyCenter] Destruction of the end
17:15:58:506  WARN 1868 --- [Thread-5] c.a.n.common.http.HttpClientBeanHolder   : [HttpClientBeanHolder] Destruction of the end
17:15:59:080  INFO 1868 --- [SpringApplicationShutdownHook] c.a.c.n.registry.NacosServiceRegistry    : De-registering from Nacos Server now...
17:15:59:101  INFO 1868 --- [SpringApplicationShutdownHook] c.a.c.n.registry.NacosServiceRegistry    : De-registration finished.
17:16:16:468  INFO 21868 --- [main] czs.mall.user.UserApplication            : No active profile set, falling back to 1 default profile: "default"
17:16:17:281  INFO 21868 --- [main] o.s.cloud.context.scope.GenericScope     : BeanFactory id=824d5680-e606-3b74-8856-49e5927e5d2a
17:16:17:572  INFO 21868 --- [main] o.s.b.w.embedded.tomcat.TomcatWebServer  : Tomcat initialized with port(s): 8084 (http)
17:16:17:580  INFO 21868 --- [main] o.apache.catalina.core.StandardService   : Starting service [Tomcat]
17:16:17:581  INFO 21868 --- [main] org.apache.catalina.core.StandardEngine  : Starting Servlet engine: [Apache Tomcat/9.0.68]
17:16:17:713  INFO 21868 --- [main] o.a.c.c.C.[Tomcat].[localhost].[/]       : Initializing Spring embedded WebApplicationContext
17:16:17:713  INFO 21868 --- [main] w.s.c.ServletWebServerApplicationContext : Root WebApplicationContext: initialization completed in 1232 ms
17:16:22:091  INFO 21868 --- [main] pertySourcedRequestMappingHandlerMapping : Mapped URL path [/v2/api-docs] onto method [springfox.documentation.swagger2.web.Swagger2ControllerWebMvc#getDocumentation(String, HttpServletRequest)]
17:16:22:893  WARN 21868 --- [main] iguration$LoadBalancerCaffeineWarnLogger : Spring Cloud LoadBalancer is currently working with the default cache. While this cache implementation is useful for development and tests, it's recommended to use Caffeine cache in production.You can switch to using Caffeine cache, by adding it and org.springframework.cache.caffeine.CaffeineCacheManager to the classpath.
17:16:23:488  INFO 21868 --- [main] o.s.b.w.embedded.tomcat.TomcatWebServer  : Tomcat started on port(s): 8084 (http) with context path ''
17:16:23:498  INFO 21868 --- [main] c.a.n.p.a.s.c.ClientAuthPluginManager    : [ClientAuthPluginManager] Load ClientAuthService com.alibaba.nacos.client.auth.impl.NacosClientAuthServiceImpl success.
17:16:23:498  INFO 21868 --- [main] c.a.n.p.a.s.c.ClientAuthPluginManager    : [ClientAuthPluginManager] Load ClientAuthService com.alibaba.nacos.client.auth.ram.RamClientAuthServiceImpl success.
17:16:23:762  INFO 21868 --- [main] c.a.c.n.registry.NacosServiceRegistry    : nacos registry, MALL_GROUP user-service 192.168.50.1:8084 register finished
17:16:24:499  INFO 21868 --- [main] d.s.w.p.DocumentationPluginsBootstrapper : Documentation plugins bootstrapped
17:16:24:502  INFO 21868 --- [main] d.s.w.p.DocumentationPluginsBootstrapper : Found 1 custom documentation plugin(s)
17:16:24:525  INFO 21868 --- [main] s.d.s.w.s.ApiListingReferenceScanner     : Scanning for api listing references
17:16:24:709  INFO 21868 --- [main] czs.mall.user.UserApplication            : Started UserApplication in 14.33 seconds (JVM running for 15.652)
17:16:24:720  INFO 21868 --- [main] c.a.c.n.refresh.NacosContextRefresher    : [Nacos Config] Listening config: dataId=user-service.properties, group=DEFAULT_GROUP
17:16:24:721  INFO 21868 --- [main] c.a.c.n.refresh.NacosContextRefresher    : [Nacos Config] Listening config: dataId=user-service, group=DEFAULT_GROUP
17:17:07:519  WARN 21868 --- [Thread-5] c.a.n.common.http.HttpClientBeanHolder   : [HttpClientBeanHolder] Start destroying common HttpClient
17:17:07:519  WARN 21868 --- [Thread-14] c.a.nacos.common.notify.NotifyCenter     : [NotifyCenter] Start destroying Publisher
17:17:07:521  WARN 21868 --- [Thread-14] c.a.nacos.common.notify.NotifyCenter     : [NotifyCenter] Destruction of the end
17:17:07:521  WARN 21868 --- [Thread-5] c.a.n.common.http.HttpClientBeanHolder   : [HttpClientBeanHolder] Destruction of the end
17:17:08:100  INFO 21868 --- [SpringApplicationShutdownHook] c.a.c.n.registry.NacosServiceRegistry    : De-registering from Nacos Server now...
17:17:08:147  INFO 21868 --- [SpringApplicationShutdownHook] c.a.c.n.registry.NacosServiceRegistry    : De-registration finished.
